2025-03-19T09:04:37.577Z - Session Endpoint Called
{
  "method": "GET",
  "headers": {
    "accept": "*/*",
    "accept-encoding": "gzip, deflate, br, zstd",
    "accept-language": "en,ru-RU;q=0.9,ru;q=0.8,en-US;q=0.7",
    "connection": "keep-alive",
    "content-type": "application/json",
    "host": "localhost:3000",
    "referer": "http://localhost:3000/login",
    "sec-ch-ua": "\"Chromium\";v=\"134\", \"Not:A-Brand\";v=\"24\", \"Google Chrome\";v=\"134\"",
    "sec-ch-ua-mobile": "?1",
    "sec-ch-ua-platform": "\"Android\"",
    "sec-fetch-dest": "empty",
    "sec-fetch-mode": "cors",
    "sec-fetch-site": "same-origin",
    "user-agent": "Mozilla/5.0 (Linux; Android 6.0; Nexus 5 Build/MRA58N) AppleWebKit/537.36 (KHTML, like Gecko) Chrome/134.0.0.0 Mobile Safari/537.36",
    "x-forwarded-for": "::1",
    "x-forwarded-host": "localhost:3000",
    "x-forwarded-port": "3000",
    "x-forwarded-proto": "http"
  }
}

2025-03-19T09:04:37.604Z - Server Session Retrieved
{
  "hasSession": false,
  "user": null
}

2025-03-19T09:05:25.474Z - Session Endpoint Called
{
  "method": "GET",
  "headers": {
    "accept": "*/*",
    "accept-encoding": "gzip, deflate, br, zstd",
    "accept-language": "en,ru-RU;q=0.9,ru;q=0.8,en-US;q=0.7",
    "connection": "keep-alive",
    "content-type": "application/json",
    "host": "localhost:3000",
    "referer": "http://localhost:3000/login",
    "sec-ch-ua": "\"Chromium\";v=\"134\", \"Not:A-Brand\";v=\"24\", \"Google Chrome\";v=\"134\"",
    "sec-ch-ua-mobile": "?1",
    "sec-ch-ua-platform": "\"Android\"",
    "sec-fetch-dest": "empty",
    "sec-fetch-mode": "cors",
    "sec-fetch-site": "same-origin",
    "user-agent": "Mozilla/5.0 (Linux; Android 6.0; Nexus 5 Build/MRA58N) AppleWebKit/537.36 (KHTML, like Gecko) Chrome/134.0.0.0 Mobile Safari/537.36",
    "x-forwarded-for": "::1",
    "x-forwarded-host": "localhost:3000",
    "x-forwarded-port": "3000",
    "x-forwarded-proto": "http"
  }
}

2025-03-19T09:05:25.498Z - Server Session Retrieved
{
  "hasSession": false,
  "user": null
}

2025-03-19T09:05:37.509Z - Session Endpoint Called
{
  "method": "GET",
  "headers": {
    "accept": "*/*",
    "accept-encoding": "gzip, deflate, br, zstd",
    "accept-language": "en,ru-RU;q=0.9,ru;q=0.8,en-US;q=0.7",
    "connection": "keep-alive",
    "content-type": "application/json",
    "host": "localhost:3000",
    "referer": "http://localhost:3000/login",
    "sec-ch-ua": "\"Chromium\";v=\"134\", \"Not:A-Brand\";v=\"24\", \"Google Chrome\";v=\"134\"",
    "sec-ch-ua-mobile": "?1",
    "sec-ch-ua-platform": "\"Android\"",
    "sec-fetch-dest": "empty",
    "sec-fetch-mode": "cors",
    "sec-fetch-site": "same-origin",
    "user-agent": "Mozilla/5.0 (Linux; Android 6.0; Nexus 5 Build/MRA58N) AppleWebKit/537.36 (KHTML, like Gecko) Chrome/134.0.0.0 Mobile Safari/537.36",
    "x-forwarded-for": "::1",
    "x-forwarded-host": "localhost:3000",
    "x-forwarded-port": "3000",
    "x-forwarded-proto": "http"
  }
}

2025-03-19T09:05:37.519Z - Server Session Retrieved
{
  "hasSession": false,
  "user": null
}

2025-03-19T10:18:07.509Z - Session Endpoint Called
{
  "method": "GET",
  "headers": {
    "accept": "*/*",
    "accept-encoding": "gzip, deflate, br, zstd",
    "accept-language": "en,ru-RU;q=0.9,ru;q=0.8,en-US;q=0.7",
    "connection": "keep-alive",
    "content-type": "application/json",
    "host": "localhost:3000",
    "referer": "http://localhost:3000/login",
    "sec-ch-ua": "\"Chromium\";v=\"134\", \"Not:A-Brand\";v=\"24\", \"Google Chrome\";v=\"134\"",
    "sec-ch-ua-mobile": "?1",
    "sec-ch-ua-platform": "\"Android\"",
    "sec-fetch-dest": "empty",
    "sec-fetch-mode": "cors",
    "sec-fetch-site": "same-origin",
    "user-agent": "Mozilla/5.0 (Linux; Android 6.0; Nexus 5 Build/MRA58N) AppleWebKit/537.36 (KHTML, like Gecko) Chrome/134.0.0.0 Mobile Safari/537.36",
    "x-forwarded-for": "::1",
    "x-forwarded-host": "localhost:3000",
    "x-forwarded-port": "3000",
    "x-forwarded-proto": "http"
  }
}

2025-03-19T10:18:07.532Z - Server Session Retrieved
{
  "hasSession": false,
  "user": null
}

2025-03-19T10:18:37.026Z - Session Endpoint Called
{
  "method": "GET",
  "headers": {
    "accept": "*/*",
    "accept-encoding": "gzip, deflate, br, zstd",
    "accept-language": "en,ru-RU;q=0.9,ru;q=0.8,en-US;q=0.7",
    "connection": "keep-alive",
    "content-type": "application/json",
    "host": "localhost:3000",
    "referer": "http://localhost:3000/login",
    "sec-ch-ua": "\"Chromium\";v=\"134\", \"Not:A-Brand\";v=\"24\", \"Google Chrome\";v=\"134\"",
    "sec-ch-ua-mobile": "?1",
    "sec-ch-ua-platform": "\"Android\"",
    "sec-fetch-dest": "empty",
    "sec-fetch-mode": "cors",
    "sec-fetch-site": "same-origin",
    "user-agent": "Mozilla/5.0 (Linux; Android 6.0; Nexus 5 Build/MRA58N) AppleWebKit/537.36 (KHTML, like Gecko) Chrome/134.0.0.0 Mobile Safari/537.36",
    "x-forwarded-for": "::1",
    "x-forwarded-host": "localhost:3000",
    "x-forwarded-port": "3000",
    "x-forwarded-proto": "http"
  }
}

2025-03-19T10:18:37.032Z - Server Session Retrieved
{
  "hasSession": false,
  "user": null
}

2025-03-19T10:24:46.317Z - Session Endpoint Called
{
  "method": "GET",
  "headers": {
    "accept": "*/*",
    "accept-encoding": "gzip, deflate, br, zstd",
    "accept-language": "en,ru-RU;q=0.9,ru;q=0.8,en-US;q=0.7",
    "connection": "keep-alive",
    "content-type": "application/json",
    "host": "localhost:3000",
    "referer": "http://localhost:3000/",
    "sec-ch-ua": "\"Chromium\";v=\"134\", \"Not:A-Brand\";v=\"24\", \"Google Chrome\";v=\"134\"",
    "sec-ch-ua-mobile": "?0",
    "sec-ch-ua-platform": "\"Windows\"",
    "sec-fetch-dest": "empty",
    "sec-fetch-mode": "cors",
    "sec-fetch-site": "same-origin",
    "user-agent": "Mozilla/5.0 (Windows NT 10.0; Win64; x64) AppleWebKit/537.36 (KHTML, like Gecko) Chrome/134.0.0.0 Safari/537.36",
    "x-forwarded-for": "::1",
    "x-forwarded-host": "localhost:3000",
    "x-forwarded-port": "3000",
    "x-forwarded-proto": "http"
  }
}

2025-03-19T10:24:46.364Z - Server Session Retrieved
{
  "hasSession": false,
  "user": null
}

2025-03-19T10:25:03.544Z - Session Endpoint Called
{
  "method": "GET",
  "headers": {
    "accept": "*/*",
    "accept-encoding": "gzip, deflate, br, zstd",
    "accept-language": "en,ru-RU;q=0.9,ru;q=0.8,en-US;q=0.7",
    "connection": "keep-alive",
    "content-type": "application/json",
    "host": "localhost:3000",
    "referer": "http://localhost:3000/",
    "sec-ch-ua": "\"Chromium\";v=\"134\", \"Not:A-Brand\";v=\"24\", \"Google Chrome\";v=\"134\"",
    "sec-ch-ua-mobile": "?1",
    "sec-ch-ua-platform": "\"Android\"",
    "sec-fetch-dest": "empty",
    "sec-fetch-mode": "cors",
    "sec-fetch-site": "same-origin",
    "user-agent": "Mozilla/5.0 (Linux; Android 6.0; Nexus 5 Build/MRA58N) AppleWebKit/537.36 (KHTML, like Gecko) Chrome/134.0.0.0 Mobile Safari/537.36",
    "x-forwarded-for": "::1",
    "x-forwarded-host": "localhost:3000",
    "x-forwarded-port": "3000",
    "x-forwarded-proto": "http"
  }
}

2025-03-19T10:25:03.560Z - Server Session Retrieved
{
  "hasSession": false,
  "user": null
}

2025-03-19T10:27:43.924Z - Session Endpoint Called
{
  "method": "GET",
  "headers": {
    "accept": "*/*",
    "accept-encoding": "gzip, deflate, br, zstd",
    "accept-language": "en,ru-RU;q=0.9,ru;q=0.8,en-US;q=0.7",
    "connection": "keep-alive",
    "content-type": "application/json",
    "host": "localhost:3000",
    "referer": "http://localhost:3000/",
    "sec-ch-ua": "\"Chromium\";v=\"134\", \"Not:A-Brand\";v=\"24\", \"Google Chrome\";v=\"134\"",
    "sec-ch-ua-mobile": "?0",
    "sec-ch-ua-platform": "\"Windows\"",
    "sec-fetch-dest": "empty",
    "sec-fetch-mode": "cors",
    "sec-fetch-site": "same-origin",
    "user-agent": "Mozilla/5.0 (Windows NT 10.0; Win64; x64) AppleWebKit/537.36 (KHTML, like Gecko) Chrome/134.0.0.0 Safari/537.36",
    "x-forwarded-for": "::1",
    "x-forwarded-host": "localhost:3000",
    "x-forwarded-port": "3000",
    "x-forwarded-proto": "http"
  }
}

2025-03-19T10:27:43.929Z - Server Session Retrieved
{
  "hasSession": false,
  "user": null
}

2025-03-19T10:27:49.759Z - Session Endpoint Called
{
  "method": "GET",
  "headers": {
    "accept": "*/*",
    "accept-encoding": "gzip, deflate, br, zstd",
    "accept-language": "en,ru-RU;q=0.9,ru;q=0.8,en-US;q=0.7",
    "connection": "keep-alive",
    "content-type": "application/json",
    "host": "localhost:3000",
    "referer": "http://localhost:3000/",
    "sec-ch-ua": "\"Chromium\";v=\"134\", \"Not:A-Brand\";v=\"24\", \"Google Chrome\";v=\"134\"",
    "sec-ch-ua-mobile": "?0",
    "sec-ch-ua-platform": "\"Windows\"",
    "sec-fetch-dest": "empty",
    "sec-fetch-mode": "cors",
    "sec-fetch-site": "same-origin",
    "user-agent": "Mozilla/5.0 (Windows NT 10.0; Win64; x64) AppleWebKit/537.36 (KHTML, like Gecko) Chrome/134.0.0.0 Safari/537.36",
    "x-forwarded-for": "::1",
    "x-forwarded-host": "localhost:3000",
    "x-forwarded-port": "3000",
    "x-forwarded-proto": "http"
  }
}

2025-03-19T10:27:49.771Z - Server Session Retrieved
{
  "hasSession": false,
  "user": null
}

2025-03-19T10:28:17.442Z - Session Endpoint Called
{
  "method": "GET",
  "headers": {
    "accept": "*/*",
    "accept-encoding": "gzip, deflate, br, zstd",
    "accept-language": "en,ru-RU;q=0.9,ru;q=0.8,en-US;q=0.7",
    "connection": "keep-alive",
    "content-type": "application/json",
    "host": "localhost:3000",
    "referer": "http://localhost:3000/login",
    "sec-ch-ua": "\"Chromium\";v=\"134\", \"Not:A-Brand\";v=\"24\", \"Google Chrome\";v=\"134\"",
    "sec-ch-ua-mobile": "?1",
    "sec-ch-ua-platform": "\"Android\"",
    "sec-fetch-dest": "empty",
    "sec-fetch-mode": "cors",
    "sec-fetch-site": "same-origin",
    "user-agent": "Mozilla/5.0 (Linux; Android 6.0; Nexus 5 Build/MRA58N) AppleWebKit/537.36 (KHTML, like Gecko) Chrome/134.0.0.0 Mobile Safari/537.36",
    "x-forwarded-for": "::1",
    "x-forwarded-host": "localhost:3000",
    "x-forwarded-port": "3000",
    "x-forwarded-proto": "http"
  }
}

2025-03-19T10:28:17.451Z - Server Session Retrieved
{
  "hasSession": false,
  "user": null
}

2025-03-19T10:32:11.962Z - Session Endpoint Called
{
  "method": "GET",
  "headers": {
    "accept": "*/*",
    "accept-encoding": "gzip, deflate, br, zstd",
    "accept-language": "en,ru-RU;q=0.9,ru;q=0.8,en-US;q=0.7",
    "connection": "keep-alive",
    "content-type": "application/json",
    "host": "localhost:3000",
    "referer": "http://localhost:3000/login",
    "sec-ch-ua": "\"Chromium\";v=\"134\", \"Not:A-Brand\";v=\"24\", \"Google Chrome\";v=\"134\"",
    "sec-ch-ua-mobile": "?1",
    "sec-ch-ua-platform": "\"Android\"",
    "sec-fetch-dest": "empty",
    "sec-fetch-mode": "cors",
    "sec-fetch-site": "same-origin",
    "user-agent": "Mozilla/5.0 (Linux; Android 6.0; Nexus 5 Build/MRA58N) AppleWebKit/537.36 (KHTML, like Gecko) Chrome/134.0.0.0 Mobile Safari/537.36",
    "x-forwarded-for": "::1",
    "x-forwarded-host": "localhost:3000",
    "x-forwarded-port": "3000",
    "x-forwarded-proto": "http"
  }
}

2025-03-19T10:32:12.040Z - Server Session Retrieved
{
  "hasSession": false,
  "user": null
}

2025-03-19T10:32:24.175Z - Session Endpoint Called
{
  "method": "GET",
  "headers": {
    "accept": "*/*",
    "accept-encoding": "gzip, deflate, br, zstd",
    "accept-language": "en,ru-RU;q=0.9,ru;q=0.8,en-US;q=0.7",
    "connection": "keep-alive",
    "content-type": "application/json",
    "host": "localhost:3000",
    "referer": "http://localhost:3000/",
    "sec-ch-ua": "\"Chromium\";v=\"134\", \"Not:A-Brand\";v=\"24\", \"Google Chrome\";v=\"134\"",
    "sec-ch-ua-mobile": "?1",
    "sec-ch-ua-platform": "\"Android\"",
    "sec-fetch-dest": "empty",
    "sec-fetch-mode": "cors",
    "sec-fetch-site": "same-origin",
    "user-agent": "Mozilla/5.0 (Linux; Android 6.0; Nexus 5 Build/MRA58N) AppleWebKit/537.36 (KHTML, like Gecko) Chrome/134.0.0.0 Mobile Safari/537.36",
    "x-forwarded-for": "::1",
    "x-forwarded-host": "localhost:3000",
    "x-forwarded-port": "3000",
    "x-forwarded-proto": "http"
  }
}

2025-03-19T10:32:24.199Z - Server Session Retrieved
{
  "hasSession": false,
  "user": null
}

2025-03-19T10:32:30.040Z - Session Endpoint Called
{
  "method": "GET",
  "headers": {
    "accept": "*/*",
    "accept-encoding": "gzip, deflate, br, zstd",
    "accept-language": "en,ru-RU;q=0.9,ru;q=0.8,en-US;q=0.7",
    "connection": "keep-alive",
    "content-type": "application/json",
    "host": "localhost:3000",
    "referer": "http://localhost:3000/",
    "sec-ch-ua": "\"Chromium\";v=\"134\", \"Not:A-Brand\";v=\"24\", \"Google Chrome\";v=\"134\"",
    "sec-ch-ua-mobile": "?1",
    "sec-ch-ua-platform": "\"Android\"",
    "sec-fetch-dest": "empty",
    "sec-fetch-mode": "cors",
    "sec-fetch-site": "same-origin",
    "user-agent": "Mozilla/5.0 (Linux; Android 6.0; Nexus 5 Build/MRA58N) AppleWebKit/537.36 (KHTML, like Gecko) Chrome/134.0.0.0 Mobile Safari/537.36",
    "x-forwarded-for": "::1",
    "x-forwarded-host": "localhost:3000",
    "x-forwarded-port": "3000",
    "x-forwarded-proto": "http"
  }
}

2025-03-19T10:32:30.053Z - Server Session Retrieved
{
  "hasSession": false,
  "user": null
}

2025-03-19T13:01:52.248Z - Session Endpoint Called
{
  "method": "GET",
  "headers": {
    "accept": "*/*",
    "accept-encoding": "gzip, deflate, br, zstd",
    "accept-language": "en,ru-RU;q=0.9,ru;q=0.8,en-US;q=0.7",
    "connection": "keep-alive",
    "content-type": "application/json",
    "host": "localhost:3000",
    "referer": "http://localhost:3000/",
    "sec-ch-ua": "\"Chromium\";v=\"134\", \"Not:A-Brand\";v=\"24\", \"Google Chrome\";v=\"134\"",
    "sec-ch-ua-mobile": "?0",
    "sec-ch-ua-platform": "\"Windows\"",
    "sec-fetch-dest": "empty",
    "sec-fetch-mode": "cors",
    "sec-fetch-site": "same-origin",
    "user-agent": "Mozilla/5.0 (Windows NT 10.0; Win64; x64) AppleWebKit/537.36 (KHTML, like Gecko) Chrome/134.0.0.0 Safari/537.36",
    "x-forwarded-for": "::1",
    "x-forwarded-host": "localhost:3000",
    "x-forwarded-port": "3000",
    "x-forwarded-proto": "http"
  }
}

2025-03-19T13:01:52.479Z - Server Session Retrieved
{
  "hasSession": false,
  "user": null
}

2025-03-19T13:01:56.704Z - Session Endpoint Called
{
  "method": "GET",
  "headers": {
    "accept": "*/*",
    "accept-encoding": "gzip, deflate, br, zstd",
    "accept-language": "en,ru-RU;q=0.9,ru;q=0.8,en-US;q=0.7",
    "connection": "keep-alive",
    "content-type": "application/json",
    "host": "localhost:3000",
    "referer": "http://localhost:3000/",
    "sec-ch-ua": "\"Chromium\";v=\"134\", \"Not:A-Brand\";v=\"24\", \"Google Chrome\";v=\"134\"",
    "sec-ch-ua-mobile": "?0",
    "sec-ch-ua-platform": "\"Windows\"",
    "sec-fetch-dest": "empty",
    "sec-fetch-mode": "cors",
    "sec-fetch-site": "same-origin",
    "user-agent": "Mozilla/5.0 (Windows NT 10.0; Win64; x64) AppleWebKit/537.36 (KHTML, like Gecko) Chrome/134.0.0.0 Safari/537.36",
    "x-forwarded-for": "::1",
    "x-forwarded-host": "localhost:3000",
    "x-forwarded-port": "3000",
    "x-forwarded-proto": "http"
  }
}

2025-03-19T13:01:56.708Z - Server Session Retrieved
{
  "hasSession": false,
  "user": null
}

2025-03-19T13:02:10.775Z - Session Endpoint Called
{
  "method": "GET",
  "headers": {
    "accept": "*/*",
    "accept-encoding": "gzip, deflate, br, zstd",
    "accept-language": "en,ru-RU;q=0.9,ru;q=0.8,en-US;q=0.7",
    "connection": "keep-alive",
    "content-type": "application/json",
    "host": "localhost:3000",
    "referer": "http://localhost:3000/",
    "sec-ch-ua": "\"Chromium\";v=\"134\", \"Not:A-Brand\";v=\"24\", \"Google Chrome\";v=\"134\"",
    "sec-ch-ua-mobile": "?0",
    "sec-ch-ua-platform": "\"Windows\"",
    "sec-fetch-dest": "empty",
    "sec-fetch-mode": "cors",
    "sec-fetch-site": "same-origin",
    "user-agent": "Mozilla/5.0 (Windows NT 10.0; Win64; x64) AppleWebKit/537.36 (KHTML, like Gecko) Chrome/134.0.0.0 Safari/537.36",
    "x-forwarded-for": "::1",
    "x-forwarded-host": "localhost:3000",
    "x-forwarded-port": "3000",
    "x-forwarded-proto": "http"
  }
}

2025-03-19T13:02:10.793Z - Server Session Retrieved
{
  "hasSession": false,
  "user": null
}

2025-03-19T13:02:14.387Z - Session Endpoint Called
{
  "method": "GET",
  "headers": {
    "accept": "*/*",
    "accept-encoding": "gzip, deflate, br, zstd",
    "accept-language": "en,ru-RU;q=0.9,ru;q=0.8,en-US;q=0.7",
    "connection": "keep-alive",
    "content-type": "application/json",
    "host": "localhost:3000",
    "referer": "http://localhost:3000/login",
    "sec-ch-ua": "\"Chromium\";v=\"134\", \"Not:A-Brand\";v=\"24\", \"Google Chrome\";v=\"134\"",
    "sec-ch-ua-mobile": "?0",
    "sec-ch-ua-platform": "\"Windows\"",
    "sec-fetch-dest": "empty",
    "sec-fetch-mode": "cors",
    "sec-fetch-site": "same-origin",
    "user-agent": "Mozilla/5.0 (Windows NT 10.0; Win64; x64) AppleWebKit/537.36 (KHTML, like Gecko) Chrome/134.0.0.0 Safari/537.36",
    "x-forwarded-for": "::1",
    "x-forwarded-host": "localhost:3000",
    "x-forwarded-port": "3000",
    "x-forwarded-proto": "http"
  }
}

2025-03-19T13:02:14.427Z - Server Session Retrieved
{
  "hasSession": false,
  "user": null
}

2025-03-19T20:13:24.166Z - Session Endpoint Called
{
  "method": "GET",
  "headers": {
    "accept": "*/*",
    "accept-encoding": "gzip, deflate, br, zstd",
    "accept-language": "en,ru-RU;q=0.9,ru;q=0.8,en-US;q=0.7",
    "connection": "keep-alive",
    "content-type": "application/json",
    "host": "localhost:3000",
    "referer": "http://localhost:3000/",
    "sec-ch-ua": "\"Chromium\";v=\"134\", \"Not:A-Brand\";v=\"24\", \"Google Chrome\";v=\"134\"",
    "sec-ch-ua-mobile": "?0",
    "sec-ch-ua-platform": "\"Windows\"",
    "sec-fetch-dest": "empty",
    "sec-fetch-mode": "cors",
    "sec-fetch-site": "same-origin",
    "user-agent": "Mozilla/5.0 (Windows NT 10.0; Win64; x64) AppleWebKit/537.36 (KHTML, like Gecko) Chrome/134.0.0.0 Safari/537.36",
    "x-forwarded-for": "::1",
    "x-forwarded-host": "localhost:3000",
    "x-forwarded-port": "3000",
    "x-forwarded-proto": "http"
  }
}

2025-03-19T20:13:24.179Z - Server Session Retrieved
{
  "hasSession": false,
  "user": null
}

2025-03-19T20:13:51.710Z - Session Endpoint Called
{
  "method": "GET",
  "headers": {
    "accept": "*/*",
    "accept-encoding": "gzip, deflate, br, zstd",
    "accept-language": "en,ru-RU;q=0.9,ru;q=0.8,en-US;q=0.7",
    "connection": "keep-alive",
    "content-type": "application/json",
    "host": "localhost:3000",
    "referer": "http://localhost:3000/",
    "sec-ch-ua": "\"Chromium\";v=\"134\", \"Not:A-Brand\";v=\"24\", \"Google Chrome\";v=\"134\"",
    "sec-ch-ua-mobile": "?0",
    "sec-ch-ua-platform": "\"Windows\"",
    "sec-fetch-dest": "empty",
    "sec-fetch-mode": "cors",
    "sec-fetch-site": "same-origin",
    "user-agent": "Mozilla/5.0 (Windows NT 10.0; Win64; x64) AppleWebKit/537.36 (KHTML, like Gecko) Chrome/134.0.0.0 Safari/537.36",
    "x-forwarded-for": "::1",
    "x-forwarded-host": "localhost:3000",
    "x-forwarded-port": "3000",
    "x-forwarded-proto": "http"
  }
}

2025-03-19T20:13:51.716Z - Server Session Retrieved
{
  "hasSession": false,
  "user": null
}

2025-03-19T20:16:07.067Z - Session Endpoint Called
{
  "method": "GET",
  "headers": {
    "accept": "*/*",
    "accept-encoding": "gzip, deflate, br, zstd",
    "accept-language": "en,ru-RU;q=0.9,ru;q=0.8,en-US;q=0.7",
    "connection": "keep-alive",
    "content-type": "application/json",
    "host": "localhost:3000",
    "referer": "http://localhost:3000/",
    "sec-ch-ua": "\"Chromium\";v=\"134\", \"Not:A-Brand\";v=\"24\", \"Google Chrome\";v=\"134\"",
    "sec-ch-ua-mobile": "?0",
    "sec-ch-ua-platform": "\"Windows\"",
    "sec-fetch-dest": "empty",
    "sec-fetch-mode": "cors",
    "sec-fetch-site": "same-origin",
    "user-agent": "Mozilla/5.0 (Windows NT 10.0; Win64; x64) AppleWebKit/537.36 (KHTML, like Gecko) Chrome/134.0.0.0 Safari/537.36",
    "x-forwarded-for": "::1",
    "x-forwarded-host": "localhost:3000",
    "x-forwarded-port": "3000",
    "x-forwarded-proto": "http"
  }
}

2025-03-19T20:16:07.116Z - Server Session Retrieved
{
  "hasSession": false,
  "user": null
}

2025-03-19T20:16:09.839Z - Session Endpoint Called
{
  "method": "GET",
  "headers": {
    "accept": "*/*",
    "accept-encoding": "gzip, deflate, br, zstd",
    "accept-language": "en,ru-RU;q=0.9,ru;q=0.8,en-US;q=0.7",
    "connection": "keep-alive",
    "content-type": "application/json",
    "host": "localhost:3000",
    "referer": "http://localhost:3000/",
    "sec-ch-ua": "\"Chromium\";v=\"134\", \"Not:A-Brand\";v=\"24\", \"Google Chrome\";v=\"134\"",
    "sec-ch-ua-mobile": "?0",
    "sec-ch-ua-platform": "\"Windows\"",
    "sec-fetch-dest": "empty",
    "sec-fetch-mode": "cors",
    "sec-fetch-site": "same-origin",
    "user-agent": "Mozilla/5.0 (Windows NT 10.0; Win64; x64) AppleWebKit/537.36 (KHTML, like Gecko) Chrome/134.0.0.0 Safari/537.36",
    "x-forwarded-for": "::1",
    "x-forwarded-host": "localhost:3000",
    "x-forwarded-port": "3000",
    "x-forwarded-proto": "http"
  }
}

2025-03-19T20:16:09.845Z - Server Session Retrieved
{
  "hasSession": false,
  "user": null
}

2025-03-19T20:16:38.759Z - Session Endpoint Called
{
  "method": "GET",
  "headers": {
    "accept": "*/*",
    "accept-encoding": "gzip, deflate, br, zstd",
    "accept-language": "en,ru-RU;q=0.9,ru;q=0.8,en-US;q=0.7",
    "connection": "keep-alive",
    "content-type": "application/json",
    "host": "localhost:3000",
    "referer": "http://localhost:3000/",
    "sec-ch-ua": "\"Chromium\";v=\"134\", \"Not:A-Brand\";v=\"24\", \"Google Chrome\";v=\"134\"",
    "sec-ch-ua-mobile": "?0",
    "sec-ch-ua-platform": "\"Windows\"",
    "sec-fetch-dest": "empty",
    "sec-fetch-mode": "cors",
    "sec-fetch-site": "same-origin",
    "user-agent": "Mozilla/5.0 (Windows NT 10.0; Win64; x64) AppleWebKit/537.36 (KHTML, like Gecko) Chrome/134.0.0.0 Safari/537.36",
    "x-forwarded-for": "::1",
    "x-forwarded-host": "localhost:3000",
    "x-forwarded-port": "3000",
    "x-forwarded-proto": "http"
  }
}

2025-03-19T20:16:38.763Z - Server Session Retrieved
{
  "hasSession": false,
  "user": null
}

2025-03-19T20:20:12.411Z - Session Endpoint Called
{
  "method": "GET",
  "headers": {
    "accept": "*/*",
    "accept-encoding": "gzip, deflate, br, zstd",
    "accept-language": "en,ru-RU;q=0.9,ru;q=0.8,en-US;q=0.7",
    "connection": "keep-alive",
    "content-type": "application/json",
    "host": "localhost:3000",
    "referer": "http://localhost:3000/",
    "sec-ch-ua": "\"Chromium\";v=\"134\", \"Not:A-Brand\";v=\"24\", \"Google Chrome\";v=\"134\"",
    "sec-ch-ua-mobile": "?0",
    "sec-ch-ua-platform": "\"Windows\"",
    "sec-fetch-dest": "empty",
    "sec-fetch-mode": "cors",
    "sec-fetch-site": "same-origin",
    "user-agent": "Mozilla/5.0 (Windows NT 10.0; Win64; x64) AppleWebKit/537.36 (KHTML, like Gecko) Chrome/134.0.0.0 Safari/537.36",
    "x-forwarded-for": "::1",
    "x-forwarded-host": "localhost:3000",
    "x-forwarded-port": "3000",
    "x-forwarded-proto": "http"
  }
}

2025-03-19T20:20:12.414Z - Server Session Retrieved
{
  "hasSession": false,
  "user": null
}

2025-03-19T20:20:14.870Z - Session Endpoint Called
{
  "method": "GET",
  "headers": {
    "accept": "*/*",
    "accept-encoding": "gzip, deflate, br, zstd",
    "accept-language": "en,ru-RU;q=0.9,ru;q=0.8,en-US;q=0.7",
    "connection": "keep-alive",
    "content-type": "application/json",
    "host": "localhost:3000",
    "referer": "http://localhost:3000/",
    "sec-ch-ua": "\"Chromium\";v=\"134\", \"Not:A-Brand\";v=\"24\", \"Google Chrome\";v=\"134\"",
    "sec-ch-ua-mobile": "?0",
    "sec-ch-ua-platform": "\"Windows\"",
    "sec-fetch-dest": "empty",
    "sec-fetch-mode": "cors",
    "sec-fetch-site": "same-origin",
    "user-agent": "Mozilla/5.0 (Windows NT 10.0; Win64; x64) AppleWebKit/537.36 (KHTML, like Gecko) Chrome/134.0.0.0 Safari/537.36",
    "x-forwarded-for": "::1",
    "x-forwarded-host": "localhost:3000",
    "x-forwarded-port": "3000",
    "x-forwarded-proto": "http"
  }
}

2025-03-19T20:20:14.876Z - Server Session Retrieved
{
  "hasSession": false,
  "user": null
}

2025-03-19T20:21:08.537Z - Session Endpoint Called
{
  "method": "GET",
  "headers": {
    "accept": "*/*",
    "accept-encoding": "gzip, deflate, br, zstd",
    "accept-language": "en,ru-RU;q=0.9,ru;q=0.8,en-US;q=0.7",
    "connection": "keep-alive",
    "content-type": "application/json",
    "host": "localhost:3000",
    "referer": "http://localhost:3000/",
    "sec-ch-ua": "\"Chromium\";v=\"134\", \"Not:A-Brand\";v=\"24\", \"Google Chrome\";v=\"134\"",
    "sec-ch-ua-mobile": "?0",
    "sec-ch-ua-platform": "\"Windows\"",
    "sec-fetch-dest": "empty",
    "sec-fetch-mode": "cors",
    "sec-fetch-site": "same-origin",
    "user-agent": "Mozilla/5.0 (Windows NT 10.0; Win64; x64) AppleWebKit/537.36 (KHTML, like Gecko) Chrome/134.0.0.0 Safari/537.36",
    "x-forwarded-for": "::1",
    "x-forwarded-host": "localhost:3000",
    "x-forwarded-port": "3000",
    "x-forwarded-proto": "http"
  }
}

2025-03-19T20:21:08.556Z - Server Session Retrieved
{
  "hasSession": false,
  "user": null
}

2025-03-19T20:21:11.484Z - Session Endpoint Called
{
  "method": "GET",
  "headers": {
    "accept": "*/*",
    "accept-encoding": "gzip, deflate, br, zstd",
    "accept-language": "en,ru-RU;q=0.9,ru;q=0.8,en-US;q=0.7",
    "connection": "keep-alive",
    "content-type": "application/json",
    "host": "localhost:3000",
    "referer": "http://localhost:3000/",
    "sec-ch-ua": "\"Chromium\";v=\"134\", \"Not:A-Brand\";v=\"24\", \"Google Chrome\";v=\"134\"",
    "sec-ch-ua-mobile": "?0",
    "sec-ch-ua-platform": "\"Windows\"",
    "sec-fetch-dest": "empty",
    "sec-fetch-mode": "cors",
    "sec-fetch-site": "same-origin",
    "user-agent": "Mozilla/5.0 (Windows NT 10.0; Win64; x64) AppleWebKit/537.36 (KHTML, like Gecko) Chrome/134.0.0.0 Safari/537.36",
    "x-forwarded-for": "::1",
    "x-forwarded-host": "localhost:3000",
    "x-forwarded-port": "3000",
    "x-forwarded-proto": "http"
  }
}

2025-03-19T20:21:11.496Z - Server Session Retrieved
{
  "hasSession": false,
  "user": null
}

2025-03-19T20:24:24.879Z - Session Endpoint Called
{
  "method": "GET",
  "headers": {
    "accept": "*/*",
    "accept-encoding": "gzip, deflate, br, zstd",
    "accept-language": "en,ru-RU;q=0.9,ru;q=0.8,en-US;q=0.7",
    "connection": "keep-alive",
    "content-type": "application/json",
    "host": "localhost:3000",
    "referer": "http://localhost:3000/",
    "sec-ch-ua": "\"Chromium\";v=\"134\", \"Not:A-Brand\";v=\"24\", \"Google Chrome\";v=\"134\"",
    "sec-ch-ua-mobile": "?0",
    "sec-ch-ua-platform": "\"Windows\"",
    "sec-fetch-dest": "empty",
    "sec-fetch-mode": "cors",
    "sec-fetch-site": "same-origin",
    "user-agent": "Mozilla/5.0 (Windows NT 10.0; Win64; x64) AppleWebKit/537.36 (KHTML, like Gecko) Chrome/134.0.0.0 Safari/537.36",
    "x-forwarded-for": "::1",
    "x-forwarded-host": "localhost:3000",
    "x-forwarded-port": "3000",
    "x-forwarded-proto": "http"
  }
}

2025-03-19T20:24:24.882Z - Server Session Retrieved
{
  "hasSession": false,
  "user": null
}

2025-03-19T20:25:11.470Z - Session Endpoint Called
{
  "method": "GET",
  "headers": {
    "accept": "*/*",
    "accept-encoding": "gzip, deflate, br, zstd",
    "accept-language": "en,ru-RU;q=0.9,ru;q=0.8,en-US;q=0.7",
    "connection": "keep-alive",
    "content-type": "application/json",
    "host": "localhost:3000",
    "referer": "http://localhost:3000/",
    "sec-ch-ua": "\"Chromium\";v=\"134\", \"Not:A-Brand\";v=\"24\", \"Google Chrome\";v=\"134\"",
    "sec-ch-ua-mobile": "?0",
    "sec-ch-ua-platform": "\"Windows\"",
    "sec-fetch-dest": "empty",
    "sec-fetch-mode": "cors",
    "sec-fetch-site": "same-origin",
    "user-agent": "Mozilla/5.0 (Windows NT 10.0; Win64; x64) AppleWebKit/537.36 (KHTML, like Gecko) Chrome/134.0.0.0 Safari/537.36",
    "x-forwarded-for": "::1",
    "x-forwarded-host": "localhost:3000",
    "x-forwarded-port": "3000",
    "x-forwarded-proto": "http"
  }
}

2025-03-19T20:25:11.474Z - Server Session Retrieved
{
  "hasSession": false,
  "user": null
}

2025-03-19T20:26:11.863Z - Session Endpoint Called
{
  "method": "GET",
  "headers": {
    "accept": "*/*",
    "accept-encoding": "gzip, deflate, br, zstd",
    "accept-language": "en,ru-RU;q=0.9,ru;q=0.8,en-US;q=0.7",
    "connection": "keep-alive",
    "content-type": "application/json",
    "host": "localhost:3000",
    "referer": "http://localhost:3000/",
    "sec-ch-ua": "\"Chromium\";v=\"134\", \"Not:A-Brand\";v=\"24\", \"Google Chrome\";v=\"134\"",
    "sec-ch-ua-mobile": "?0",
    "sec-ch-ua-platform": "\"Windows\"",
    "sec-fetch-dest": "empty",
    "sec-fetch-mode": "cors",
    "sec-fetch-site": "same-origin",
    "user-agent": "Mozilla/5.0 (Windows NT 10.0; Win64; x64) AppleWebKit/537.36 (KHTML, like Gecko) Chrome/134.0.0.0 Safari/537.36",
    "x-forwarded-for": "::1",
    "x-forwarded-host": "localhost:3000",
    "x-forwarded-port": "3000",
    "x-forwarded-proto": "http"
  }
}

2025-03-19T20:26:11.869Z - Server Session Retrieved
{
  "hasSession": false,
  "user": null
}

2025-03-19T20:28:38.587Z - Session Endpoint Called
{
  "method": "GET",
  "headers": {
    "accept": "*/*",
    "accept-encoding": "gzip, deflate, br, zstd",
    "accept-language": "en,ru-RU;q=0.9,ru;q=0.8,en-US;q=0.7",
    "connection": "keep-alive",
    "content-type": "application/json",
    "host": "localhost:3000",
    "referer": "http://localhost:3000/",
    "sec-ch-ua": "\"Chromium\";v=\"134\", \"Not:A-Brand\";v=\"24\", \"Google Chrome\";v=\"134\"",
    "sec-ch-ua-mobile": "?0",
    "sec-ch-ua-platform": "\"Windows\"",
    "sec-fetch-dest": "empty",
    "sec-fetch-mode": "cors",
    "sec-fetch-site": "same-origin",
    "user-agent": "Mozilla/5.0 (Windows NT 10.0; Win64; x64) AppleWebKit/537.36 (KHTML, like Gecko) Chrome/134.0.0.0 Safari/537.36",
    "x-forwarded-for": "::1",
    "x-forwarded-host": "localhost:3000",
    "x-forwarded-port": "3000",
    "x-forwarded-proto": "http"
  }
}

2025-03-19T20:28:38.589Z - Server Session Retrieved
{
  "hasSession": false,
  "user": null
}

2025-03-19T20:28:41.144Z - Session Endpoint Called
{
  "method": "GET",
  "headers": {
    "accept": "*/*",
    "accept-encoding": "gzip, deflate, br, zstd",
    "accept-language": "en,ru-RU;q=0.9,ru;q=0.8,en-US;q=0.7",
    "connection": "keep-alive",
    "content-type": "application/json",
    "host": "localhost:3000",
    "referer": "http://localhost:3000/",
    "sec-ch-ua": "\"Chromium\";v=\"134\", \"Not:A-Brand\";v=\"24\", \"Google Chrome\";v=\"134\"",
    "sec-ch-ua-mobile": "?0",
    "sec-ch-ua-platform": "\"Windows\"",
    "sec-fetch-dest": "empty",
    "sec-fetch-mode": "cors",
    "sec-fetch-site": "same-origin",
    "user-agent": "Mozilla/5.0 (Windows NT 10.0; Win64; x64) AppleWebKit/537.36 (KHTML, like Gecko) Chrome/134.0.0.0 Safari/537.36",
    "x-forwarded-for": "::1",
    "x-forwarded-host": "localhost:3000",
    "x-forwarded-port": "3000",
    "x-forwarded-proto": "http"
  }
}

2025-03-19T20:28:41.155Z - Server Session Retrieved
{
  "hasSession": false,
  "user": null
}

2025-03-19T20:31:00.501Z - Session Endpoint Called
{
  "method": "GET",
  "headers": {
    "accept": "*/*",
    "accept-encoding": "gzip, deflate, br, zstd",
    "accept-language": "en,ru-RU;q=0.9,ru;q=0.8,en-US;q=0.7",
    "connection": "keep-alive",
    "content-type": "application/json",
    "host": "localhost:3000",
    "referer": "http://localhost:3000/",
    "sec-ch-ua": "\"Chromium\";v=\"134\", \"Not:A-Brand\";v=\"24\", \"Google Chrome\";v=\"134\"",
    "sec-ch-ua-mobile": "?0",
    "sec-ch-ua-platform": "\"Windows\"",
    "sec-fetch-dest": "empty",
    "sec-fetch-mode": "cors",
    "sec-fetch-site": "same-origin",
    "user-agent": "Mozilla/5.0 (Windows NT 10.0; Win64; x64) AppleWebKit/537.36 (KHTML, like Gecko) Chrome/134.0.0.0 Safari/537.36",
    "x-forwarded-for": "::1",
    "x-forwarded-host": "localhost:3000",
    "x-forwarded-port": "3000",
    "x-forwarded-proto": "http"
  }
}

2025-03-19T20:31:00.533Z - Server Session Retrieved
{
  "hasSession": false,
  "user": null
}

2025-03-19T20:32:12.905Z - Session Endpoint Called
{
  "method": "GET",
  "headers": {
    "accept": "*/*",
    "accept-encoding": "gzip, deflate, br, zstd",
    "accept-language": "en,ru-RU;q=0.9,ru;q=0.8,en-US;q=0.7",
    "connection": "keep-alive",
    "content-type": "application/json",
    "host": "localhost:3000",
    "referer": "http://localhost:3000/",
    "sec-ch-ua": "\"Chromium\";v=\"134\", \"Not:A-Brand\";v=\"24\", \"Google Chrome\";v=\"134\"",
    "sec-ch-ua-mobile": "?0",
    "sec-ch-ua-platform": "\"Windows\"",
    "sec-fetch-dest": "empty",
    "sec-fetch-mode": "cors",
    "sec-fetch-site": "same-origin",
    "user-agent": "Mozilla/5.0 (Windows NT 10.0; Win64; x64) AppleWebKit/537.36 (KHTML, like Gecko) Chrome/134.0.0.0 Safari/537.36",
    "x-forwarded-for": "::1",
    "x-forwarded-host": "localhost:3000",
    "x-forwarded-port": "3000",
    "x-forwarded-proto": "http"
  }
}

2025-03-19T20:32:12.910Z - Server Session Retrieved
{
  "hasSession": false,
  "user": null
}

2025-03-19T20:33:42.274Z - Session Endpoint Called
{
  "method": "GET",
  "headers": {
    "accept": "*/*",
    "accept-encoding": "gzip, deflate, br, zstd",
    "accept-language": "en,ru-RU;q=0.9,ru;q=0.8,en-US;q=0.7",
    "connection": "keep-alive",
    "content-type": "application/json",
    "host": "localhost:3000",
    "referer": "http://localhost:3000/",
    "sec-ch-ua": "\"Chromium\";v=\"134\", \"Not:A-Brand\";v=\"24\", \"Google Chrome\";v=\"134\"",
    "sec-ch-ua-mobile": "?0",
    "sec-ch-ua-platform": "\"Windows\"",
    "sec-fetch-dest": "empty",
    "sec-fetch-mode": "cors",
    "sec-fetch-site": "same-origin",
    "user-agent": "Mozilla/5.0 (Windows NT 10.0; Win64; x64) AppleWebKit/537.36 (KHTML, like Gecko) Chrome/134.0.0.0 Safari/537.36",
    "x-forwarded-for": "::1",
    "x-forwarded-host": "localhost:3000",
    "x-forwarded-port": "3000",
    "x-forwarded-proto": "http"
  }
}

2025-03-19T20:33:42.277Z - Server Session Retrieved
{
  "hasSession": false,
  "user": null
}

2025-03-19T20:35:18.243Z - Session Endpoint Called
{
  "method": "GET",
  "headers": {
    "accept": "*/*",
    "accept-encoding": "gzip, deflate, br, zstd",
    "accept-language": "en,ru-RU;q=0.9,ru;q=0.8,en-US;q=0.7",
    "connection": "keep-alive",
    "content-type": "application/json",
    "host": "localhost:3000",
    "referer": "http://localhost:3000/",
    "sec-ch-ua": "\"Chromium\";v=\"134\", \"Not:A-Brand\";v=\"24\", \"Google Chrome\";v=\"134\"",
    "sec-ch-ua-mobile": "?0",
    "sec-ch-ua-platform": "\"Windows\"",
    "sec-fetch-dest": "empty",
    "sec-fetch-mode": "cors",
    "sec-fetch-site": "same-origin",
    "user-agent": "Mozilla/5.0 (Windows NT 10.0; Win64; x64) AppleWebKit/537.36 (KHTML, like Gecko) Chrome/134.0.0.0 Safari/537.36",
    "x-forwarded-for": "::1",
    "x-forwarded-host": "localhost:3000",
    "x-forwarded-port": "3000",
    "x-forwarded-proto": "http"
  }
}

2025-03-19T20:35:18.245Z - Server Session Retrieved
{
  "hasSession": false,
  "user": null
}

2025-03-19T20:35:40.214Z - Session Endpoint Called
{
  "method": "GET",
  "headers": {
    "accept": "*/*",
    "accept-encoding": "gzip, deflate, br, zstd",
    "accept-language": "en,ru-RU;q=0.9,ru;q=0.8,en-US;q=0.7",
    "connection": "keep-alive",
    "content-type": "application/json",
    "host": "localhost:3000",
    "referer": "http://localhost:3000/",
    "sec-ch-ua": "\"Chromium\";v=\"134\", \"Not:A-Brand\";v=\"24\", \"Google Chrome\";v=\"134\"",
    "sec-ch-ua-mobile": "?0",
    "sec-ch-ua-platform": "\"Windows\"",
    "sec-fetch-dest": "empty",
    "sec-fetch-mode": "cors",
    "sec-fetch-site": "same-origin",
    "user-agent": "Mozilla/5.0 (Windows NT 10.0; Win64; x64) AppleWebKit/537.36 (KHTML, like Gecko) Chrome/134.0.0.0 Safari/537.36",
    "x-forwarded-for": "::1",
    "x-forwarded-host": "localhost:3000",
    "x-forwarded-port": "3000",
    "x-forwarded-proto": "http"
  }
}

2025-03-19T20:35:40.216Z - Server Session Retrieved
{
  "hasSession": false,
  "user": null
}

2025-03-19T20:35:58.811Z - Session Endpoint Called
{
  "method": "GET",
  "headers": {
    "accept": "*/*",
    "accept-encoding": "gzip, deflate, br, zstd",
    "accept-language": "en,ru-RU;q=0.9,ru;q=0.8,en-US;q=0.7",
    "connection": "keep-alive",
    "content-type": "application/json",
    "host": "localhost:3000",
    "referer": "http://localhost:3000/",
    "sec-ch-ua": "\"Chromium\";v=\"134\", \"Not:A-Brand\";v=\"24\", \"Google Chrome\";v=\"134\"",
    "sec-ch-ua-mobile": "?0",
    "sec-ch-ua-platform": "\"Windows\"",
    "sec-fetch-dest": "empty",
    "sec-fetch-mode": "cors",
    "sec-fetch-site": "same-origin",
    "user-agent": "Mozilla/5.0 (Windows NT 10.0; Win64; x64) AppleWebKit/537.36 (KHTML, like Gecko) Chrome/134.0.0.0 Safari/537.36",
    "x-forwarded-for": "::1",
    "x-forwarded-host": "localhost:3000",
    "x-forwarded-port": "3000",
    "x-forwarded-proto": "http"
  }
}

2025-03-19T20:35:58.814Z - Server Session Retrieved
{
  "hasSession": false,
  "user": null
}

2025-03-19T20:36:33.205Z - Session Endpoint Called
{
  "method": "GET",
  "headers": {
    "accept": "*/*",
    "accept-encoding": "gzip, deflate, br, zstd",
    "accept-language": "en,ru-RU;q=0.9,ru;q=0.8,en-US;q=0.7",
    "connection": "keep-alive",
    "content-type": "application/json",
    "host": "localhost:3000",
    "referer": "http://localhost:3000/",
    "sec-ch-ua": "\"Chromium\";v=\"134\", \"Not:A-Brand\";v=\"24\", \"Google Chrome\";v=\"134\"",
    "sec-ch-ua-mobile": "?0",
    "sec-ch-ua-platform": "\"Windows\"",
    "sec-fetch-dest": "empty",
    "sec-fetch-mode": "cors",
    "sec-fetch-site": "same-origin",
    "user-agent": "Mozilla/5.0 (Windows NT 10.0; Win64; x64) AppleWebKit/537.36 (KHTML, like Gecko) Chrome/134.0.0.0 Safari/537.36",
    "x-forwarded-for": "::1",
    "x-forwarded-host": "localhost:3000",
    "x-forwarded-port": "3000",
    "x-forwarded-proto": "http"
  }
}

2025-03-19T20:36:33.207Z - Server Session Retrieved
{
  "hasSession": false,
  "user": null
}

2025-03-19T20:40:03.768Z - Session Endpoint Called
{
  "method": "GET",
  "headers": {
    "accept": "*/*",
    "accept-encoding": "gzip, deflate, br, zstd",
    "accept-language": "en,ru-RU;q=0.9,ru;q=0.8,en-US;q=0.7",
    "connection": "keep-alive",
    "content-type": "application/json",
    "host": "localhost:3000",
    "referer": "http://localhost:3000/",
    "sec-ch-ua": "\"Chromium\";v=\"134\", \"Not:A-Brand\";v=\"24\", \"Google Chrome\";v=\"134\"",
    "sec-ch-ua-mobile": "?0",
    "sec-ch-ua-platform": "\"Windows\"",
    "sec-fetch-dest": "empty",
    "sec-fetch-mode": "cors",
    "sec-fetch-site": "same-origin",
    "user-agent": "Mozilla/5.0 (Windows NT 10.0; Win64; x64) AppleWebKit/537.36 (KHTML, like Gecko) Chrome/134.0.0.0 Safari/537.36",
    "x-forwarded-for": "::1",
    "x-forwarded-host": "localhost:3000",
    "x-forwarded-port": "3000",
    "x-forwarded-proto": "http"
  }
}

2025-03-19T20:40:03.771Z - Server Session Retrieved
{
  "hasSession": false,
  "user": null
}

2025-03-19T20:40:07.561Z - Session Endpoint Called
{
  "method": "GET",
  "headers": {
    "accept": "*/*",
    "accept-encoding": "gzip, deflate, br, zstd",
    "accept-language": "en,ru-RU;q=0.9,ru;q=0.8,en-US;q=0.7",
    "connection": "keep-alive",
    "content-type": "application/json",
    "host": "localhost:3000",
    "referer": "http://localhost:3000/",
    "sec-ch-ua": "\"Chromium\";v=\"134\", \"Not:A-Brand\";v=\"24\", \"Google Chrome\";v=\"134\"",
    "sec-ch-ua-mobile": "?0",
    "sec-ch-ua-platform": "\"Windows\"",
    "sec-fetch-dest": "empty",
    "sec-fetch-mode": "cors",
    "sec-fetch-site": "same-origin",
    "user-agent": "Mozilla/5.0 (Windows NT 10.0; Win64; x64) AppleWebKit/537.36 (KHTML, like Gecko) Chrome/134.0.0.0 Safari/537.36",
    "x-forwarded-for": "::1",
    "x-forwarded-host": "localhost:3000",
    "x-forwarded-port": "3000",
    "x-forwarded-proto": "http"
  }
}

2025-03-19T20:40:07.564Z - Server Session Retrieved
{
  "hasSession": false,
  "user": null
}

2025-03-19T20:40:15.241Z - Session Endpoint Called
{
  "method": "GET",
  "headers": {
    "accept": "*/*",
    "accept-encoding": "gzip, deflate, br, zstd",
    "accept-language": "en,ru-RU;q=0.9,ru;q=0.8,en-US;q=0.7",
    "connection": "keep-alive",
    "content-type": "application/json",
    "host": "localhost:3000",
    "referer": "http://localhost:3000/",
    "sec-ch-ua": "\"Chromium\";v=\"134\", \"Not:A-Brand\";v=\"24\", \"Google Chrome\";v=\"134\"",
    "sec-ch-ua-mobile": "?0",
    "sec-ch-ua-platform": "\"Windows\"",
    "sec-fetch-dest": "empty",
    "sec-fetch-mode": "cors",
    "sec-fetch-site": "same-origin",
    "user-agent": "Mozilla/5.0 (Windows NT 10.0; Win64; x64) AppleWebKit/537.36 (KHTML, like Gecko) Chrome/134.0.0.0 Safari/537.36",
    "x-forwarded-for": "::1",
    "x-forwarded-host": "localhost:3000",
    "x-forwarded-port": "3000",
    "x-forwarded-proto": "http"
  }
}

2025-03-19T20:40:15.244Z - Server Session Retrieved
{
  "hasSession": false,
  "user": null
}

2025-03-19T20:40:17.158Z - Session Endpoint Called
{
  "method": "GET",
  "headers": {
    "accept": "*/*",
    "accept-encoding": "gzip, deflate, br, zstd",
    "accept-language": "en,ru-RU;q=0.9,ru;q=0.8,en-US;q=0.7",
    "connection": "keep-alive",
    "content-type": "application/json",
    "host": "localhost:3000",
    "referer": "http://localhost:3000/",
    "sec-ch-ua": "\"Chromium\";v=\"134\", \"Not:A-Brand\";v=\"24\", \"Google Chrome\";v=\"134\"",
    "sec-ch-ua-mobile": "?0",
    "sec-ch-ua-platform": "\"Windows\"",
    "sec-fetch-dest": "empty",
    "sec-fetch-mode": "cors",
    "sec-fetch-site": "same-origin",
    "user-agent": "Mozilla/5.0 (Windows NT 10.0; Win64; x64) AppleWebKit/537.36 (KHTML, like Gecko) Chrome/134.0.0.0 Safari/537.36",
    "x-forwarded-for": "::1",
    "x-forwarded-host": "localhost:3000",
    "x-forwarded-port": "3000",
    "x-forwarded-proto": "http"
  }
}

2025-03-19T20:40:17.160Z - Server Session Retrieved
{
  "hasSession": false,
  "user": null
}

2025-03-19T20:40:18.332Z - Session Endpoint Called
{
  "method": "GET",
  "headers": {
    "accept": "*/*",
    "accept-encoding": "gzip, deflate, br, zstd",
    "accept-language": "en,ru-RU;q=0.9,ru;q=0.8,en-US;q=0.7",
    "connection": "keep-alive",
    "content-type": "application/json",
    "host": "localhost:3000",
    "referer": "http://localhost:3000/",
    "sec-ch-ua": "\"Chromium\";v=\"134\", \"Not:A-Brand\";v=\"24\", \"Google Chrome\";v=\"134\"",
    "sec-ch-ua-mobile": "?0",
    "sec-ch-ua-platform": "\"Windows\"",
    "sec-fetch-dest": "empty",
    "sec-fetch-mode": "cors",
    "sec-fetch-site": "same-origin",
    "user-agent": "Mozilla/5.0 (Windows NT 10.0; Win64; x64) AppleWebKit/537.36 (KHTML, like Gecko) Chrome/134.0.0.0 Safari/537.36",
    "x-forwarded-for": "::1",
    "x-forwarded-host": "localhost:3000",
    "x-forwarded-port": "3000",
    "x-forwarded-proto": "http"
  }
}

2025-03-19T20:40:18.334Z - Server Session Retrieved
{
  "hasSession": false,
  "user": null
}

2025-03-19T20:40:19.747Z - Session Endpoint Called
{
  "method": "GET",
  "headers": {
    "accept": "*/*",
    "accept-encoding": "gzip, deflate, br, zstd",
    "accept-language": "en,ru-RU;q=0.9,ru;q=0.8,en-US;q=0.7",
    "connection": "keep-alive",
    "content-type": "application/json",
    "host": "localhost:3000",
    "referer": "http://localhost:3000/",
    "sec-ch-ua": "\"Chromium\";v=\"134\", \"Not:A-Brand\";v=\"24\", \"Google Chrome\";v=\"134\"",
    "sec-ch-ua-mobile": "?0",
    "sec-ch-ua-platform": "\"Windows\"",
    "sec-fetch-dest": "empty",
    "sec-fetch-mode": "cors",
    "sec-fetch-site": "same-origin",
    "user-agent": "Mozilla/5.0 (Windows NT 10.0; Win64; x64) AppleWebKit/537.36 (KHTML, like Gecko) Chrome/134.0.0.0 Safari/537.36",
    "x-forwarded-for": "::1",
    "x-forwarded-host": "localhost:3000",
    "x-forwarded-port": "3000",
    "x-forwarded-proto": "http"
  }
}

2025-03-19T20:40:19.750Z - Server Session Retrieved
{
  "hasSession": false,
  "user": null
}

2025-03-19T20:42:59.235Z - Session Endpoint Called
{
  "method": "GET",
  "headers": {
    "accept": "*/*",
    "accept-encoding": "gzip, deflate, br, zstd",
    "accept-language": "en,ru-RU;q=0.9,ru;q=0.8,en-US;q=0.7",
    "connection": "keep-alive",
    "content-type": "application/json",
    "host": "localhost:3000",
    "referer": "http://localhost:3000/",
    "sec-ch-ua": "\"Chromium\";v=\"134\", \"Not:A-Brand\";v=\"24\", \"Google Chrome\";v=\"134\"",
    "sec-ch-ua-mobile": "?0",
    "sec-ch-ua-platform": "\"Windows\"",
    "sec-fetch-dest": "empty",
    "sec-fetch-mode": "cors",
    "sec-fetch-site": "same-origin",
    "user-agent": "Mozilla/5.0 (Windows NT 10.0; Win64; x64) AppleWebKit/537.36 (KHTML, like Gecko) Chrome/134.0.0.0 Safari/537.36",
    "x-forwarded-for": "::1",
    "x-forwarded-host": "localhost:3000",
    "x-forwarded-port": "3000",
    "x-forwarded-proto": "http"
  }
}

2025-03-19T20:42:59.238Z - Server Session Retrieved
{
  "hasSession": false,
  "user": null
}

2025-03-19T20:43:02.259Z - Session Endpoint Called
{
  "method": "GET",
  "headers": {
    "accept": "*/*",
    "accept-encoding": "gzip, deflate, br, zstd",
    "accept-language": "en,ru-RU;q=0.9,ru;q=0.8,en-US;q=0.7",
    "connection": "keep-alive",
    "content-type": "application/json",
    "host": "localhost:3000",
    "referer": "http://localhost:3000/",
    "sec-ch-ua": "\"Chromium\";v=\"134\", \"Not:A-Brand\";v=\"24\", \"Google Chrome\";v=\"134\"",
    "sec-ch-ua-mobile": "?0",
    "sec-ch-ua-platform": "\"Windows\"",
    "sec-fetch-dest": "empty",
    "sec-fetch-mode": "cors",
    "sec-fetch-site": "same-origin",
    "user-agent": "Mozilla/5.0 (Windows NT 10.0; Win64; x64) AppleWebKit/537.36 (KHTML, like Gecko) Chrome/134.0.0.0 Safari/537.36",
    "x-forwarded-for": "::1",
    "x-forwarded-host": "localhost:3000",
    "x-forwarded-port": "3000",
    "x-forwarded-proto": "http"
  }
}

2025-03-19T20:43:02.263Z - Server Session Retrieved
{
  "hasSession": false,
  "user": null
}

2025-03-19T20:43:51.926Z - Session Endpoint Called
{
  "method": "GET",
  "headers": {
    "accept": "*/*",
    "accept-encoding": "gzip, deflate, br, zstd",
    "accept-language": "en,ru-RU;q=0.9,ru;q=0.8,en-US;q=0.7",
    "connection": "keep-alive",
    "content-type": "application/json",
    "host": "localhost:3000",
    "referer": "http://localhost:3000/",
    "sec-ch-ua": "\"Chromium\";v=\"134\", \"Not:A-Brand\";v=\"24\", \"Google Chrome\";v=\"134\"",
    "sec-ch-ua-mobile": "?0",
    "sec-ch-ua-platform": "\"Windows\"",
    "sec-fetch-dest": "empty",
    "sec-fetch-mode": "cors",
    "sec-fetch-site": "same-origin",
    "user-agent": "Mozilla/5.0 (Windows NT 10.0; Win64; x64) AppleWebKit/537.36 (KHTML, like Gecko) Chrome/134.0.0.0 Safari/537.36",
    "x-forwarded-for": "::1",
    "x-forwarded-host": "localhost:3000",
    "x-forwarded-port": "3000",
    "x-forwarded-proto": "http"
  }
}

2025-03-19T20:43:51.941Z - Server Session Retrieved
{
  "hasSession": false,
  "user": null
}

2025-03-19T20:44:44.604Z - Session Endpoint Called
{
  "method": "GET",
  "headers": {
    "accept": "*/*",
    "accept-encoding": "gzip, deflate, br, zstd",
    "accept-language": "en,ru-RU;q=0.9,ru;q=0.8,en-US;q=0.7",
    "connection": "keep-alive",
    "content-type": "application/json",
    "host": "localhost:3000",
    "referer": "http://localhost:3000/",
    "sec-ch-ua": "\"Chromium\";v=\"134\", \"Not:A-Brand\";v=\"24\", \"Google Chrome\";v=\"134\"",
    "sec-ch-ua-mobile": "?0",
    "sec-ch-ua-platform": "\"Windows\"",
    "sec-fetch-dest": "empty",
    "sec-fetch-mode": "cors",
    "sec-fetch-site": "same-origin",
    "user-agent": "Mozilla/5.0 (Windows NT 10.0; Win64; x64) AppleWebKit/537.36 (KHTML, like Gecko) Chrome/134.0.0.0 Safari/537.36",
    "x-forwarded-for": "::1",
    "x-forwarded-host": "localhost:3000",
    "x-forwarded-port": "3000",
    "x-forwarded-proto": "http"
  }
}

2025-03-19T20:44:44.608Z - Server Session Retrieved
{
  "hasSession": false,
  "user": null
}

2025-03-19T20:44:57.140Z - Session Endpoint Called
{
  "method": "GET",
  "headers": {
    "accept": "*/*",
    "accept-encoding": "gzip, deflate, br, zstd",
    "accept-language": "en,ru-RU;q=0.9,ru;q=0.8,en-US;q=0.7",
    "connection": "keep-alive",
    "content-type": "application/json",
    "host": "localhost:3000",
    "referer": "http://localhost:3000/",
    "sec-ch-ua": "\"Chromium\";v=\"134\", \"Not:A-Brand\";v=\"24\", \"Google Chrome\";v=\"134\"",
    "sec-ch-ua-mobile": "?0",
    "sec-ch-ua-platform": "\"Windows\"",
    "sec-fetch-dest": "empty",
    "sec-fetch-mode": "cors",
    "sec-fetch-site": "same-origin",
    "user-agent": "Mozilla/5.0 (Windows NT 10.0; Win64; x64) AppleWebKit/537.36 (KHTML, like Gecko) Chrome/134.0.0.0 Safari/537.36",
    "x-forwarded-for": "::1",
    "x-forwarded-host": "localhost:3000",
    "x-forwarded-port": "3000",
    "x-forwarded-proto": "http"
  }
}

2025-03-19T20:44:57.143Z - Server Session Retrieved
{
  "hasSession": false,
  "user": null
}

2025-03-19T20:44:59.539Z - Session Endpoint Called
{
  "method": "GET",
  "headers": {
    "accept": "*/*",
    "accept-encoding": "gzip, deflate, br, zstd",
    "accept-language": "en,ru-RU;q=0.9,ru;q=0.8,en-US;q=0.7",
    "connection": "keep-alive",
    "content-type": "application/json",
    "host": "localhost:3000",
    "referer": "http://localhost:3000/",
    "sec-ch-ua": "\"Chromium\";v=\"134\", \"Not:A-Brand\";v=\"24\", \"Google Chrome\";v=\"134\"",
    "sec-ch-ua-mobile": "?0",
    "sec-ch-ua-platform": "\"Windows\"",
    "sec-fetch-dest": "empty",
    "sec-fetch-mode": "cors",
    "sec-fetch-site": "same-origin",
    "user-agent": "Mozilla/5.0 (Windows NT 10.0; Win64; x64) AppleWebKit/537.36 (KHTML, like Gecko) Chrome/134.0.0.0 Safari/537.36",
    "x-forwarded-for": "::1",
    "x-forwarded-host": "localhost:3000",
    "x-forwarded-port": "3000",
    "x-forwarded-proto": "http"
  }
}

2025-03-19T20:44:59.542Z - Server Session Retrieved
{
  "hasSession": false,
  "user": null
}

2025-03-19T20:45:02.505Z - Session Endpoint Called
{
  "method": "GET",
  "headers": {
    "accept": "*/*",
    "accept-encoding": "gzip, deflate, br, zstd",
    "accept-language": "en,ru-RU;q=0.9,ru;q=0.8,en-US;q=0.7",
    "connection": "keep-alive",
    "content-type": "application/json",
    "host": "localhost:3000",
    "referer": "http://localhost:3000/",
    "sec-ch-ua": "\"Chromium\";v=\"134\", \"Not:A-Brand\";v=\"24\", \"Google Chrome\";v=\"134\"",
    "sec-ch-ua-mobile": "?0",
    "sec-ch-ua-platform": "\"Windows\"",
    "sec-fetch-dest": "empty",
    "sec-fetch-mode": "cors",
    "sec-fetch-site": "same-origin",
    "user-agent": "Mozilla/5.0 (Windows NT 10.0; Win64; x64) AppleWebKit/537.36 (KHTML, like Gecko) Chrome/134.0.0.0 Safari/537.36",
    "x-forwarded-for": "::1",
    "x-forwarded-host": "localhost:3000",
    "x-forwarded-port": "3000",
    "x-forwarded-proto": "http"
  }
}

2025-03-19T20:45:02.515Z - Server Session Retrieved
{
  "hasSession": false,
  "user": null
}

2025-03-19T20:45:14.635Z - Session Endpoint Called
{
  "method": "GET",
  "headers": {
    "accept": "*/*",
    "accept-encoding": "gzip, deflate, br, zstd",
    "accept-language": "en,ru-RU;q=0.9,ru;q=0.8,en-US;q=0.7",
    "connection": "keep-alive",
    "content-type": "application/json",
    "host": "localhost:3000",
    "referer": "http://localhost:3000/login",
    "sec-ch-ua": "\"Chromium\";v=\"134\", \"Not:A-Brand\";v=\"24\", \"Google Chrome\";v=\"134\"",
    "sec-ch-ua-mobile": "?0",
    "sec-ch-ua-platform": "\"Windows\"",
    "sec-fetch-dest": "empty",
    "sec-fetch-mode": "cors",
    "sec-fetch-site": "same-origin",
    "user-agent": "Mozilla/5.0 (Windows NT 10.0; Win64; x64) AppleWebKit/537.36 (KHTML, like Gecko) Chrome/134.0.0.0 Safari/537.36",
    "x-forwarded-for": "::1",
    "x-forwarded-host": "localhost:3000",
    "x-forwarded-port": "3000",
    "x-forwarded-proto": "http"
  }
}

2025-03-19T20:45:14.705Z - Server Session Retrieved
{
  "hasSession": false,
  "user": null
}

2025-03-19T20:47:15.136Z - Session Endpoint Called
{
  "method": "GET",
  "headers": {
    "accept": "*/*",
    "accept-encoding": "gzip, deflate, br, zstd",
    "accept-language": "en,ru-RU;q=0.9,ru;q=0.8,en-US;q=0.7",
    "connection": "keep-alive",
    "content-type": "application/json",
    "host": "localhost:3000",
    "referer": "http://localhost:3000/",
    "sec-ch-ua": "\"Chromium\";v=\"134\", \"Not:A-Brand\";v=\"24\", \"Google Chrome\";v=\"134\"",
    "sec-ch-ua-mobile": "?1",
    "sec-ch-ua-platform": "\"Android\"",
    "sec-fetch-dest": "empty",
    "sec-fetch-mode": "cors",
    "sec-fetch-site": "same-origin",
    "user-agent": "Mozilla/5.0 (Linux; Android 6.0; Nexus 5 Build/MRA58N) AppleWebKit/537.36 (KHTML, like Gecko) Chrome/134.0.0.0 Mobile Safari/537.36",
    "x-forwarded-for": "::1",
    "x-forwarded-host": "localhost:3000",
    "x-forwarded-port": "3000",
    "x-forwarded-proto": "http"
  }
}

2025-03-19T20:47:15.167Z - Server Session Retrieved
{
  "hasSession": false,
  "user": null
}

2025-03-19T20:47:16.458Z - Session Endpoint Called
{
  "method": "GET",
  "headers": {
    "accept": "*/*",
    "accept-encoding": "gzip, deflate, br, zstd",
    "accept-language": "en,ru-RU;q=0.9,ru;q=0.8,en-US;q=0.7",
    "connection": "keep-alive",
    "content-type": "application/json",
    "host": "localhost:3000",
    "referer": "http://localhost:3000/",
    "sec-ch-ua": "\"Chromium\";v=\"134\", \"Not:A-Brand\";v=\"24\", \"Google Chrome\";v=\"134\"",
    "sec-ch-ua-mobile": "?0",
    "sec-ch-ua-platform": "\"Windows\"",
    "sec-fetch-dest": "empty",
    "sec-fetch-mode": "cors",
    "sec-fetch-site": "same-origin",
    "user-agent": "Mozilla/5.0 (Windows NT 10.0; Win64; x64) AppleWebKit/537.36 (KHTML, like Gecko) Chrome/134.0.0.0 Safari/537.36",
    "x-forwarded-for": "::1",
    "x-forwarded-host": "localhost:3000",
    "x-forwarded-port": "3000",
    "x-forwarded-proto": "http"
  }
}

2025-03-19T20:47:16.465Z - Server Session Retrieved
{
  "hasSession": false,
  "user": null
}

2025-03-19T20:47:20.133Z - Session Endpoint Called
{
  "method": "GET",
  "headers": {
    "accept": "*/*",
    "accept-encoding": "gzip, deflate, br, zstd",
    "accept-language": "en,ru-RU;q=0.9,ru;q=0.8,en-US;q=0.7",
    "connection": "keep-alive",
    "content-type": "application/json",
    "host": "localhost:3000",
    "referer": "http://localhost:3000/",
    "sec-ch-ua": "\"Chromium\";v=\"134\", \"Not:A-Brand\";v=\"24\", \"Google Chrome\";v=\"134\"",
    "sec-ch-ua-mobile": "?0",
    "sec-ch-ua-platform": "\"Windows\"",
    "sec-fetch-dest": "empty",
    "sec-fetch-mode": "cors",
    "sec-fetch-site": "same-origin",
    "user-agent": "Mozilla/5.0 (Windows NT 10.0; Win64; x64) AppleWebKit/537.36 (KHTML, like Gecko) Chrome/134.0.0.0 Safari/537.36",
    "x-forwarded-for": "::1",
    "x-forwarded-host": "localhost:3000",
    "x-forwarded-port": "3000",
    "x-forwarded-proto": "http"
  }
}

2025-03-19T20:47:20.138Z - Server Session Retrieved
{
  "hasSession": false,
  "user": null
}

2025-03-19T20:47:21.718Z - Session Endpoint Called
{
  "method": "GET",
  "headers": {
    "accept": "*/*",
    "accept-encoding": "gzip, deflate, br, zstd",
    "accept-language": "en,ru-RU;q=0.9,ru;q=0.8,en-US;q=0.7",
    "connection": "keep-alive",
    "content-type": "application/json",
    "host": "localhost:3000",
    "referer": "http://localhost:3000/",
    "sec-ch-ua": "\"Chromium\";v=\"134\", \"Not:A-Brand\";v=\"24\", \"Google Chrome\";v=\"134\"",
    "sec-ch-ua-mobile": "?0",
    "sec-ch-ua-platform": "\"Windows\"",
    "sec-fetch-dest": "empty",
    "sec-fetch-mode": "cors",
    "sec-fetch-site": "same-origin",
    "user-agent": "Mozilla/5.0 (Windows NT 10.0; Win64; x64) AppleWebKit/537.36 (KHTML, like Gecko) Chrome/134.0.0.0 Safari/537.36",
    "x-forwarded-for": "::1",
    "x-forwarded-host": "localhost:3000",
    "x-forwarded-port": "3000",
    "x-forwarded-proto": "http"
  }
}

2025-03-19T20:47:21.721Z - Server Session Retrieved
{
  "hasSession": false,
  "user": null
}

2025-03-19T20:47:24.590Z - Session Endpoint Called
{
  "method": "GET",
  "headers": {
    "accept": "*/*",
    "accept-encoding": "gzip, deflate, br, zstd",
    "accept-language": "en,ru-RU;q=0.9,ru;q=0.8,en-US;q=0.7",
    "connection": "keep-alive",
    "content-type": "application/json",
    "host": "localhost:3000",
    "referer": "http://localhost:3000/",
    "sec-ch-ua": "\"Chromium\";v=\"134\", \"Not:A-Brand\";v=\"24\", \"Google Chrome\";v=\"134\"",
    "sec-ch-ua-mobile": "?0",
    "sec-ch-ua-platform": "\"Windows\"",
    "sec-fetch-dest": "empty",
    "sec-fetch-mode": "cors",
    "sec-fetch-site": "same-origin",
    "user-agent": "Mozilla/5.0 (Windows NT 10.0; Win64; x64) AppleWebKit/537.36 (KHTML, like Gecko) Chrome/134.0.0.0 Safari/537.36",
    "x-forwarded-for": "::1",
    "x-forwarded-host": "localhost:3000",
    "x-forwarded-port": "3000",
    "x-forwarded-proto": "http"
  }
}

2025-03-19T20:47:24.593Z - Server Session Retrieved
{
  "hasSession": false,
  "user": null
}

2025-03-19T20:47:50.660Z - Session Endpoint Called
{
  "method": "GET",
  "headers": {
    "accept": "*/*",
    "accept-encoding": "gzip, deflate, br, zstd",
    "accept-language": "en,ru-RU;q=0.9,ru;q=0.8,en-US;q=0.7",
    "connection": "keep-alive",
    "content-type": "application/json",
    "host": "localhost:3000",
    "referer": "http://localhost:3000/",
    "sec-ch-ua": "\"Chromium\";v=\"134\", \"Not:A-Brand\";v=\"24\", \"Google Chrome\";v=\"134\"",
    "sec-ch-ua-mobile": "?0",
    "sec-ch-ua-platform": "\"Windows\"",
    "sec-fetch-dest": "empty",
    "sec-fetch-mode": "cors",
    "sec-fetch-site": "same-origin",
    "user-agent": "Mozilla/5.0 (Windows NT 10.0; Win64; x64) AppleWebKit/537.36 (KHTML, like Gecko) Chrome/134.0.0.0 Safari/537.36",
    "x-forwarded-for": "::1",
    "x-forwarded-host": "localhost:3000",
    "x-forwarded-port": "3000",
    "x-forwarded-proto": "http"
  }
}

2025-03-19T20:47:50.664Z - Server Session Retrieved
{
  "hasSession": false,
  "user": null
}

2025-03-19T20:49:00.303Z - Session Endpoint Called
{
  "method": "GET",
  "headers": {
    "accept": "*/*",
    "accept-encoding": "gzip, deflate, br, zstd",
    "accept-language": "en,ru-RU;q=0.9,ru;q=0.8,en-US;q=0.7",
    "connection": "keep-alive",
    "content-type": "application/json",
    "host": "localhost:3000",
    "referer": "http://localhost:3000/",
    "sec-ch-ua": "\"Chromium\";v=\"134\", \"Not:A-Brand\";v=\"24\", \"Google Chrome\";v=\"134\"",
    "sec-ch-ua-mobile": "?0",
    "sec-ch-ua-platform": "\"Windows\"",
    "sec-fetch-dest": "empty",
    "sec-fetch-mode": "cors",
    "sec-fetch-site": "same-origin",
    "user-agent": "Mozilla/5.0 (Windows NT 10.0; Win64; x64) AppleWebKit/537.36 (KHTML, like Gecko) Chrome/134.0.0.0 Safari/537.36",
    "x-forwarded-for": "::1",
    "x-forwarded-host": "localhost:3000",
    "x-forwarded-port": "3000",
    "x-forwarded-proto": "http"
  }
}

2025-03-19T20:49:00.305Z - Server Session Retrieved
{
  "hasSession": false,
  "user": null
}

2025-03-19T20:49:48.002Z - Session Endpoint Called
{
  "method": "GET",
  "headers": {
    "accept": "*/*",
    "accept-encoding": "gzip, deflate, br, zstd",
    "accept-language": "en,ru-RU;q=0.9,ru;q=0.8,en-US;q=0.7",
    "connection": "keep-alive",
    "content-type": "application/json",
    "host": "localhost:3000",
    "referer": "http://localhost:3000/",
    "sec-ch-ua": "\"Chromium\";v=\"134\", \"Not:A-Brand\";v=\"24\", \"Google Chrome\";v=\"134\"",
    "sec-ch-ua-mobile": "?0",
    "sec-ch-ua-platform": "\"Windows\"",
    "sec-fetch-dest": "empty",
    "sec-fetch-mode": "cors",
    "sec-fetch-site": "same-origin",
    "user-agent": "Mozilla/5.0 (Windows NT 10.0; Win64; x64) AppleWebKit/537.36 (KHTML, like Gecko) Chrome/134.0.0.0 Safari/537.36",
    "x-forwarded-for": "::1",
    "x-forwarded-host": "localhost:3000",
    "x-forwarded-port": "3000",
    "x-forwarded-proto": "http"
  }
}

2025-03-19T20:49:48.005Z - Server Session Retrieved
{
  "hasSession": false,
  "user": null
}

2025-03-19T20:49:50.598Z - Session Endpoint Called
{
  "method": "GET",
  "headers": {
    "accept": "*/*",
    "accept-encoding": "gzip, deflate, br, zstd",
    "accept-language": "en,ru-RU;q=0.9,ru;q=0.8,en-US;q=0.7",
    "connection": "keep-alive",
    "content-type": "application/json",
    "host": "localhost:3000",
    "referer": "http://localhost:3000/",
    "sec-ch-ua": "\"Chromium\";v=\"134\", \"Not:A-Brand\";v=\"24\", \"Google Chrome\";v=\"134\"",
    "sec-ch-ua-mobile": "?0",
    "sec-ch-ua-platform": "\"Windows\"",
    "sec-fetch-dest": "empty",
    "sec-fetch-mode": "cors",
    "sec-fetch-site": "same-origin",
    "user-agent": "Mozilla/5.0 (Windows NT 10.0; Win64; x64) AppleWebKit/537.36 (KHTML, like Gecko) Chrome/134.0.0.0 Safari/537.36",
    "x-forwarded-for": "::1",
    "x-forwarded-host": "localhost:3000",
    "x-forwarded-port": "3000",
    "x-forwarded-proto": "http"
  }
}

2025-03-19T20:49:50.602Z - Server Session Retrieved
{
  "hasSession": false,
  "user": null
}

2025-03-19T20:50:11.802Z - Session Endpoint Called
{
  "method": "GET",
  "headers": {
    "accept": "*/*",
    "accept-encoding": "gzip, deflate, br, zstd",
    "accept-language": "en,ru-RU;q=0.9,ru;q=0.8,en-US;q=0.7",
    "connection": "keep-alive",
    "content-type": "application/json",
    "host": "localhost:3000",
    "referer": "http://localhost:3000/",
    "sec-ch-ua": "\"Chromium\";v=\"134\", \"Not:A-Brand\";v=\"24\", \"Google Chrome\";v=\"134\"",
    "sec-ch-ua-mobile": "?0",
    "sec-ch-ua-platform": "\"Windows\"",
    "sec-fetch-dest": "empty",
    "sec-fetch-mode": "cors",
    "sec-fetch-site": "same-origin",
    "user-agent": "Mozilla/5.0 (Windows NT 10.0; Win64; x64) AppleWebKit/537.36 (KHTML, like Gecko) Chrome/134.0.0.0 Safari/537.36",
    "x-forwarded-for": "::1",
    "x-forwarded-host": "localhost:3000",
    "x-forwarded-port": "3000",
    "x-forwarded-proto": "http"
  }
}

2025-03-19T20:50:11.826Z - Server Session Retrieved
{
  "hasSession": false,
  "user": null
}

2025-03-19T20:50:14.439Z - Session Endpoint Called
{
  "method": "GET",
  "headers": {
    "accept": "*/*",
    "accept-encoding": "gzip, deflate, br, zstd",
    "accept-language": "en,ru-RU;q=0.9,ru;q=0.8,en-US;q=0.7",
    "connection": "keep-alive",
    "content-type": "application/json",
    "host": "localhost:3000",
    "referer": "http://localhost:3000/",
    "sec-ch-ua": "\"Chromium\";v=\"134\", \"Not:A-Brand\";v=\"24\", \"Google Chrome\";v=\"134\"",
    "sec-ch-ua-mobile": "?0",
    "sec-ch-ua-platform": "\"Windows\"",
    "sec-fetch-dest": "empty",
    "sec-fetch-mode": "cors",
    "sec-fetch-site": "same-origin",
    "user-agent": "Mozilla/5.0 (Windows NT 10.0; Win64; x64) AppleWebKit/537.36 (KHTML, like Gecko) Chrome/134.0.0.0 Safari/537.36",
    "x-forwarded-for": "::1",
    "x-forwarded-host": "localhost:3000",
    "x-forwarded-port": "3000",
    "x-forwarded-proto": "http"
  }
}

2025-03-19T20:50:14.443Z - Server Session Retrieved
{
  "hasSession": false,
  "user": null
}

2025-03-19T20:50:59.036Z - Session Endpoint Called
{
  "method": "GET",
  "headers": {
    "accept": "*/*",
    "accept-encoding": "gzip, deflate, br, zstd",
    "accept-language": "en,ru-RU;q=0.9,ru;q=0.8,en-US;q=0.7",
    "connection": "keep-alive",
    "content-type": "application/json",
    "host": "localhost:3000",
    "referer": "http://localhost:3000/",
    "sec-ch-ua": "\"Chromium\";v=\"134\", \"Not:A-Brand\";v=\"24\", \"Google Chrome\";v=\"134\"",
    "sec-ch-ua-mobile": "?0",
    "sec-ch-ua-platform": "\"Windows\"",
    "sec-fetch-dest": "empty",
    "sec-fetch-mode": "cors",
    "sec-fetch-site": "same-origin",
    "user-agent": "Mozilla/5.0 (Windows NT 10.0; Win64; x64) AppleWebKit/537.36 (KHTML, like Gecko) Chrome/134.0.0.0 Safari/537.36",
    "x-forwarded-for": "::1",
    "x-forwarded-host": "localhost:3000",
    "x-forwarded-port": "3000",
    "x-forwarded-proto": "http"
  }
}

2025-03-19T20:50:59.050Z - Server Session Retrieved
{
  "hasSession": false,
  "user": null
}

2025-03-19T20:55:57.803Z - Session Endpoint Called
{
  "method": "GET",
  "headers": {
    "accept": "*/*",
    "accept-encoding": "gzip, deflate, br, zstd",
    "accept-language": "en,ru-RU;q=0.9,ru;q=0.8,en-US;q=0.7",
    "connection": "keep-alive",
    "content-type": "application/json",
    "host": "localhost:3000",
    "referer": "http://localhost:3000/",
    "sec-ch-ua": "\"Chromium\";v=\"134\", \"Not:A-Brand\";v=\"24\", \"Google Chrome\";v=\"134\"",
    "sec-ch-ua-mobile": "?0",
    "sec-ch-ua-platform": "\"Windows\"",
    "sec-fetch-dest": "empty",
    "sec-fetch-mode": "cors",
    "sec-fetch-site": "same-origin",
    "user-agent": "Mozilla/5.0 (Windows NT 10.0; Win64; x64) AppleWebKit/537.36 (KHTML, like Gecko) Chrome/134.0.0.0 Safari/537.36",
    "x-forwarded-for": "::1",
    "x-forwarded-host": "localhost:3000",
    "x-forwarded-port": "3000",
    "x-forwarded-proto": "http"
  }
}

2025-03-19T20:55:57.807Z - Server Session Retrieved
{
  "hasSession": false,
  "user": null
}

2025-03-19T20:59:31.170Z - Session Endpoint Called
{
  "method": "GET",
  "headers": {
    "accept": "*/*",
    "accept-encoding": "gzip, deflate, br, zstd",
    "accept-language": "en,ru-RU;q=0.9,ru;q=0.8,en-US;q=0.7",
    "connection": "keep-alive",
    "content-type": "application/json",
    "host": "localhost:3000",
    "referer": "http://localhost:3000/",
    "sec-ch-ua": "\"Chromium\";v=\"134\", \"Not:A-Brand\";v=\"24\", \"Google Chrome\";v=\"134\"",
    "sec-ch-ua-mobile": "?0",
    "sec-ch-ua-platform": "\"Windows\"",
    "sec-fetch-dest": "empty",
    "sec-fetch-mode": "cors",
    "sec-fetch-site": "same-origin",
    "user-agent": "Mozilla/5.0 (Windows NT 10.0; Win64; x64) AppleWebKit/537.36 (KHTML, like Gecko) Chrome/134.0.0.0 Safari/537.36",
    "x-forwarded-for": "::1",
    "x-forwarded-host": "localhost:3000",
    "x-forwarded-port": "3000",
    "x-forwarded-proto": "http"
  }
}

2025-03-19T20:59:31.221Z - Server Session Retrieved
{
  "hasSession": false,
  "user": null
}

2025-03-19T21:00:00.700Z - Session Endpoint Called
{
  "method": "GET",
  "headers": {
    "accept": "*/*",
    "accept-encoding": "gzip, deflate, br, zstd",
    "accept-language": "en,ru-RU;q=0.9,ru;q=0.8,en-US;q=0.7",
    "connection": "keep-alive",
    "content-type": "application/json",
    "host": "localhost:3000",
    "referer": "http://localhost:3000/",
    "sec-ch-ua": "\"Chromium\";v=\"134\", \"Not:A-Brand\";v=\"24\", \"Google Chrome\";v=\"134\"",
    "sec-ch-ua-mobile": "?0",
    "sec-ch-ua-platform": "\"Windows\"",
    "sec-fetch-dest": "empty",
    "sec-fetch-mode": "cors",
    "sec-fetch-site": "same-origin",
    "user-agent": "Mozilla/5.0 (Windows NT 10.0; Win64; x64) AppleWebKit/537.36 (KHTML, like Gecko) Chrome/134.0.0.0 Safari/537.36",
    "x-forwarded-for": "::1",
    "x-forwarded-host": "localhost:3000",
    "x-forwarded-port": "3000",
    "x-forwarded-proto": "http"
  }
}

2025-03-19T21:00:00.707Z - Server Session Retrieved
{
  "hasSession": false,
  "user": null
}

2025-03-19T21:01:03.479Z - Session Endpoint Called
{
  "method": "GET",
  "headers": {
    "accept": "*/*",
    "accept-encoding": "gzip, deflate, br, zstd",
    "accept-language": "en,ru-RU;q=0.9,ru;q=0.8,en-US;q=0.7",
    "connection": "keep-alive",
    "content-type": "application/json",
    "host": "localhost:3000",
    "referer": "http://localhost:3000/",
    "sec-ch-ua": "\"Chromium\";v=\"134\", \"Not:A-Brand\";v=\"24\", \"Google Chrome\";v=\"134\"",
    "sec-ch-ua-mobile": "?0",
    "sec-ch-ua-platform": "\"Windows\"",
    "sec-fetch-dest": "empty",
    "sec-fetch-mode": "cors",
    "sec-fetch-site": "same-origin",
    "user-agent": "Mozilla/5.0 (Windows NT 10.0; Win64; x64) AppleWebKit/537.36 (KHTML, like Gecko) Chrome/134.0.0.0 Safari/537.36",
    "x-forwarded-for": "::1",
    "x-forwarded-host": "localhost:3000",
    "x-forwarded-port": "3000",
    "x-forwarded-proto": "http"
  }
}

2025-03-19T21:01:03.551Z - Server Session Retrieved
{
  "hasSession": false,
  "user": null
}

2025-03-19T21:07:21.989Z - Session Endpoint Called
{
  "method": "GET",
  "headers": {
    "accept": "*/*",
    "accept-encoding": "gzip, deflate, br, zstd",
    "accept-language": "en,ru-RU;q=0.9,ru;q=0.8,en-US;q=0.7",
    "connection": "keep-alive",
    "content-type": "application/json",
    "host": "localhost:3000",
    "referer": "http://localhost:3000/",
    "sec-ch-ua": "\"Chromium\";v=\"134\", \"Not:A-Brand\";v=\"24\", \"Google Chrome\";v=\"134\"",
    "sec-ch-ua-mobile": "?1",
    "sec-ch-ua-platform": "\"Android\"",
    "sec-fetch-dest": "empty",
    "sec-fetch-mode": "cors",
    "sec-fetch-site": "same-origin",
    "user-agent": "Mozilla/5.0 (Linux; Android 6.0; Nexus 5 Build/MRA58N) AppleWebKit/537.36 (KHTML, like Gecko) Chrome/134.0.0.0 Mobile Safari/537.36",
    "x-forwarded-for": "::1",
    "x-forwarded-host": "localhost:3000",
    "x-forwarded-port": "3000",
    "x-forwarded-proto": "http"
  }
}

2025-03-19T21:07:22.102Z - Server Session Retrieved
{
  "hasSession": false,
  "user": null
}

2025-03-19T21:07:47.553Z - Session Endpoint Called
{
  "method": "GET",
  "headers": {
    "accept": "*/*",
    "accept-encoding": "gzip, deflate, br, zstd",
    "accept-language": "en,ru-RU;q=0.9,ru;q=0.8,en-US;q=0.7",
    "connection": "keep-alive",
    "content-type": "application/json",
    "host": "localhost:3000",
    "referer": "http://localhost:3000/",
    "sec-ch-ua": "\"Chromium\";v=\"134\", \"Not:A-Brand\";v=\"24\", \"Google Chrome\";v=\"134\"",
    "sec-ch-ua-mobile": "?1",
    "sec-ch-ua-platform": "\"Android\"",
    "sec-fetch-dest": "empty",
    "sec-fetch-mode": "cors",
    "sec-fetch-site": "same-origin",
    "user-agent": "Mozilla/5.0 (Linux; Android 6.0; Nexus 5 Build/MRA58N) AppleWebKit/537.36 (KHTML, like Gecko) Chrome/134.0.0.0 Mobile Safari/537.36",
    "x-forwarded-for": "::1",
    "x-forwarded-host": "localhost:3000",
    "x-forwarded-port": "3000",
    "x-forwarded-proto": "http"
  }
}

2025-03-19T21:07:47.562Z - Server Session Retrieved
{
  "hasSession": false,
  "user": null
}

2025-03-19T21:11:33.805Z - Session Endpoint Called
{
  "method": "GET",
  "headers": {
    "accept": "*/*",
    "accept-encoding": "gzip, deflate, br, zstd",
    "accept-language": "en,ru-RU;q=0.9,ru;q=0.8,en-US;q=0.7",
    "connection": "keep-alive",
    "content-type": "application/json",
    "host": "localhost:3000",
    "referer": "http://localhost:3000/",
    "sec-ch-ua": "\"Chromium\";v=\"134\", \"Not:A-Brand\";v=\"24\", \"Google Chrome\";v=\"134\"",
    "sec-ch-ua-mobile": "?1",
    "sec-ch-ua-platform": "\"Android\"",
    "sec-fetch-dest": "empty",
    "sec-fetch-mode": "cors",
    "sec-fetch-site": "same-origin",
    "user-agent": "Mozilla/5.0 (Linux; Android 6.0; Nexus 5 Build/MRA58N) AppleWebKit/537.36 (KHTML, like Gecko) Chrome/134.0.0.0 Mobile Safari/537.36",
    "x-forwarded-for": "::1",
    "x-forwarded-host": "localhost:3000",
    "x-forwarded-port": "3000",
    "x-forwarded-proto": "http"
  }
}

2025-03-19T21:11:33.831Z - Server Session Retrieved
{
  "hasSession": false,
  "user": null
}

2025-03-19T21:11:43.053Z - Session Endpoint Called
{
  "method": "GET",
  "headers": {
    "accept": "*/*",
    "accept-encoding": "gzip, deflate, br, zstd",
    "accept-language": "en,ru-RU;q=0.9,ru;q=0.8,en-US;q=0.7",
    "connection": "keep-alive",
    "content-type": "application/json",
    "host": "localhost:3000",
    "referer": "http://localhost:3000/",
    "sec-ch-ua": "\"Chromium\";v=\"134\", \"Not:A-Brand\";v=\"24\", \"Google Chrome\";v=\"134\"",
    "sec-ch-ua-mobile": "?1",
    "sec-ch-ua-platform": "\"Android\"",
    "sec-fetch-dest": "empty",
    "sec-fetch-mode": "cors",
    "sec-fetch-site": "same-origin",
    "user-agent": "Mozilla/5.0 (Linux; Android 6.0; Nexus 5 Build/MRA58N) AppleWebKit/537.36 (KHTML, like Gecko) Chrome/134.0.0.0 Mobile Safari/537.36",
    "x-forwarded-for": "::1",
    "x-forwarded-host": "localhost:3000",
    "x-forwarded-port": "3000",
    "x-forwarded-proto": "http"
  }
}

2025-03-19T21:11:43.067Z - Server Session Retrieved
{
  "hasSession": false,
  "user": null
}

2025-03-19T21:14:31.752Z - Session Endpoint Called
{
  "method": "GET",
  "headers": {
    "accept": "*/*",
    "accept-encoding": "gzip, deflate, br, zstd",
    "accept-language": "en,ru-RU;q=0.9,ru;q=0.8,en-US;q=0.7",
    "connection": "keep-alive",
    "content-type": "application/json",
    "host": "localhost:3000",
    "referer": "http://localhost:3000/",
    "sec-ch-ua": "\"Chromium\";v=\"134\", \"Not:A-Brand\";v=\"24\", \"Google Chrome\";v=\"134\"",
    "sec-ch-ua-mobile": "?0",
    "sec-ch-ua-platform": "\"Windows\"",
    "sec-fetch-dest": "empty",
    "sec-fetch-mode": "cors",
    "sec-fetch-site": "same-origin",
    "user-agent": "Mozilla/5.0 (Windows NT 10.0; Win64; x64) AppleWebKit/537.36 (KHTML, like Gecko) Chrome/134.0.0.0 Safari/537.36",
    "x-forwarded-for": "::1",
    "x-forwarded-host": "localhost:3000",
    "x-forwarded-port": "3000",
    "x-forwarded-proto": "http"
  }
}

2025-03-19T21:14:31.783Z - Server Session Retrieved
{
  "hasSession": false,
  "user": null
}

2025-03-19T21:14:38.306Z - Session Endpoint Called
{
  "method": "GET",
  "headers": {
    "accept": "*/*",
    "accept-encoding": "gzip, deflate, br, zstd",
    "accept-language": "en,ru-RU;q=0.9,ru;q=0.8,en-US;q=0.7",
    "connection": "keep-alive",
    "content-type": "application/json",
    "host": "localhost:3000",
    "referer": "http://localhost:3000/",
    "sec-ch-ua": "\"Chromium\";v=\"134\", \"Not:A-Brand\";v=\"24\", \"Google Chrome\";v=\"134\"",
    "sec-ch-ua-mobile": "?0",
    "sec-ch-ua-platform": "\"Windows\"",
    "sec-fetch-dest": "empty",
    "sec-fetch-mode": "cors",
    "sec-fetch-site": "same-origin",
    "user-agent": "Mozilla/5.0 (Windows NT 10.0; Win64; x64) AppleWebKit/537.36 (KHTML, like Gecko) Chrome/134.0.0.0 Safari/537.36",
    "x-forwarded-for": "::1",
    "x-forwarded-host": "localhost:3000",
    "x-forwarded-port": "3000",
    "x-forwarded-proto": "http"
  }
}

2025-03-19T21:14:38.311Z - Server Session Retrieved
{
  "hasSession": false,
  "user": null
}

2025-03-19T21:14:51.183Z - Session Endpoint Called
{
  "method": "GET",
  "headers": {
    "accept": "*/*",
    "accept-encoding": "gzip, deflate, br, zstd",
    "accept-language": "en,ru-RU;q=0.9,ru;q=0.8,en-US;q=0.7",
    "connection": "keep-alive",
    "content-type": "application/json",
    "host": "localhost:3000",
    "referer": "http://localhost:3000/",
    "sec-ch-ua": "\"Chromium\";v=\"134\", \"Not:A-Brand\";v=\"24\", \"Google Chrome\";v=\"134\"",
    "sec-ch-ua-mobile": "?0",
    "sec-ch-ua-platform": "\"Windows\"",
    "sec-fetch-dest": "empty",
    "sec-fetch-mode": "cors",
    "sec-fetch-site": "same-origin",
    "user-agent": "Mozilla/5.0 (Windows NT 10.0; Win64; x64) AppleWebKit/537.36 (KHTML, like Gecko) Chrome/134.0.0.0 Safari/537.36",
    "x-forwarded-for": "::1",
    "x-forwarded-host": "localhost:3000",
    "x-forwarded-port": "3000",
    "x-forwarded-proto": "http"
  }
}

2025-03-19T21:14:51.186Z - Server Session Retrieved
{
  "hasSession": false,
  "user": null
}

2025-03-19T21:19:30.073Z - Session Endpoint Called
{
  "method": "GET",
  "headers": {
    "accept": "*/*",
    "accept-encoding": "gzip, deflate, br, zstd",
    "accept-language": "en,ru-RU;q=0.9,ru;q=0.8,en-US;q=0.7",
    "connection": "keep-alive",
    "content-type": "application/json",
    "host": "localhost:3000",
    "referer": "http://localhost:3000/",
    "sec-ch-ua": "\"Chromium\";v=\"134\", \"Not:A-Brand\";v=\"24\", \"Google Chrome\";v=\"134\"",
    "sec-ch-ua-mobile": "?0",
    "sec-ch-ua-platform": "\"Windows\"",
    "sec-fetch-dest": "empty",
    "sec-fetch-mode": "cors",
    "sec-fetch-site": "same-origin",
    "user-agent": "Mozilla/5.0 (Windows NT 10.0; Win64; x64) AppleWebKit/537.36 (KHTML, like Gecko) Chrome/134.0.0.0 Safari/537.36",
    "x-forwarded-for": "::1",
    "x-forwarded-host": "localhost:3000",
    "x-forwarded-port": "3000",
    "x-forwarded-proto": "http"
  }
}

2025-03-19T21:19:30.089Z - Server Session Retrieved
{
  "hasSession": false,
  "user": null
}

2025-03-19T21:24:34.106Z - Session Endpoint Called
{
  "method": "GET",
  "headers": {
    "accept": "*/*",
    "accept-encoding": "gzip, deflate, br, zstd",
    "accept-language": "en,ru-RU;q=0.9,ru;q=0.8,en-US;q=0.7",
    "connection": "keep-alive",
    "content-type": "application/json",
    "host": "localhost:3000",
    "referer": "http://localhost:3000/",
    "sec-ch-ua": "\"Chromium\";v=\"134\", \"Not:A-Brand\";v=\"24\", \"Google Chrome\";v=\"134\"",
    "sec-ch-ua-mobile": "?0",
    "sec-ch-ua-platform": "\"Windows\"",
    "sec-fetch-dest": "empty",
    "sec-fetch-mode": "cors",
    "sec-fetch-site": "same-origin",
    "user-agent": "Mozilla/5.0 (Windows NT 10.0; Win64; x64) AppleWebKit/537.36 (KHTML, like Gecko) Chrome/134.0.0.0 Safari/537.36",
    "x-forwarded-for": "::1",
    "x-forwarded-host": "localhost:3000",
    "x-forwarded-port": "3000",
    "x-forwarded-proto": "http"
  }
}

2025-03-19T21:24:34.286Z - Server Session Retrieved
{
  "hasSession": false,
  "user": null
}

2025-03-19T21:29:30.071Z - Session Endpoint Called
{
  "method": "GET",
  "headers": {
    "accept": "*/*",
    "accept-encoding": "gzip, deflate, br, zstd",
    "accept-language": "en,ru-RU;q=0.9,ru;q=0.8,en-US;q=0.7",
    "connection": "keep-alive",
    "content-type": "application/json",
    "host": "localhost:3000",
    "referer": "http://localhost:3000/",
    "sec-ch-ua": "\"Chromium\";v=\"134\", \"Not:A-Brand\";v=\"24\", \"Google Chrome\";v=\"134\"",
    "sec-ch-ua-mobile": "?0",
    "sec-ch-ua-platform": "\"Windows\"",
    "sec-fetch-dest": "empty",
    "sec-fetch-mode": "cors",
    "sec-fetch-site": "same-origin",
    "user-agent": "Mozilla/5.0 (Windows NT 10.0; Win64; x64) AppleWebKit/537.36 (KHTML, like Gecko) Chrome/134.0.0.0 Safari/537.36",
    "x-forwarded-for": "::1",
    "x-forwarded-host": "localhost:3000",
    "x-forwarded-port": "3000",
    "x-forwarded-proto": "http"
  }
}

2025-03-19T21:29:30.078Z - Server Session Retrieved
{
  "hasSession": false,
  "user": null
}

2025-03-19T21:34:29.993Z - Session Endpoint Called
{
  "method": "GET",
  "headers": {
    "accept": "*/*",
    "accept-encoding": "gzip, deflate, br, zstd",
    "accept-language": "en,ru-RU;q=0.9,ru;q=0.8,en-US;q=0.7",
    "connection": "keep-alive",
    "content-type": "application/json",
    "host": "localhost:3000",
    "referer": "http://localhost:3000/",
    "sec-ch-ua": "\"Chromium\";v=\"134\", \"Not:A-Brand\";v=\"24\", \"Google Chrome\";v=\"134\"",
    "sec-ch-ua-mobile": "?0",
    "sec-ch-ua-platform": "\"Windows\"",
    "sec-fetch-dest": "empty",
    "sec-fetch-mode": "cors",
    "sec-fetch-site": "same-origin",
    "user-agent": "Mozilla/5.0 (Windows NT 10.0; Win64; x64) AppleWebKit/537.36 (KHTML, like Gecko) Chrome/134.0.0.0 Safari/537.36",
    "x-forwarded-for": "::1",
    "x-forwarded-host": "localhost:3000",
    "x-forwarded-port": "3000",
    "x-forwarded-proto": "http"
  }
}

2025-03-19T21:34:29.998Z - Server Session Retrieved
{
  "hasSession": false,
  "user": null
}

2025-03-19T21:39:29.982Z - Session Endpoint Called
{
  "method": "GET",
  "headers": {
    "accept": "*/*",
    "accept-encoding": "gzip, deflate, br, zstd",
    "accept-language": "en,ru-RU;q=0.9,ru;q=0.8,en-US;q=0.7",
    "connection": "keep-alive",
    "content-type": "application/json",
    "host": "localhost:3000",
    "referer": "http://localhost:3000/",
    "sec-ch-ua": "\"Chromium\";v=\"134\", \"Not:A-Brand\";v=\"24\", \"Google Chrome\";v=\"134\"",
    "sec-ch-ua-mobile": "?0",
    "sec-ch-ua-platform": "\"Windows\"",
    "sec-fetch-dest": "empty",
    "sec-fetch-mode": "cors",
    "sec-fetch-site": "same-origin",
    "user-agent": "Mozilla/5.0 (Windows NT 10.0; Win64; x64) AppleWebKit/537.36 (KHTML, like Gecko) Chrome/134.0.0.0 Safari/537.36",
    "x-forwarded-for": "::1",
    "x-forwarded-host": "localhost:3000",
    "x-forwarded-port": "3000",
    "x-forwarded-proto": "http"
  }
}

2025-03-19T21:39:30.026Z - Server Session Retrieved
{
  "hasSession": false,
  "user": null
}

2025-03-19T21:44:30.039Z - Session Endpoint Called
{
  "method": "GET",
  "headers": {
    "accept": "*/*",
    "accept-encoding": "gzip, deflate, br, zstd",
    "accept-language": "en,ru-RU;q=0.9,ru;q=0.8,en-US;q=0.7",
    "connection": "keep-alive",
    "content-type": "application/json",
    "host": "localhost:3000",
    "referer": "http://localhost:3000/",
    "sec-ch-ua": "\"Chromium\";v=\"134\", \"Not:A-Brand\";v=\"24\", \"Google Chrome\";v=\"134\"",
    "sec-ch-ua-mobile": "?0",
    "sec-ch-ua-platform": "\"Windows\"",
    "sec-fetch-dest": "empty",
    "sec-fetch-mode": "cors",
    "sec-fetch-site": "same-origin",
    "user-agent": "Mozilla/5.0 (Windows NT 10.0; Win64; x64) AppleWebKit/537.36 (KHTML, like Gecko) Chrome/134.0.0.0 Safari/537.36",
    "x-forwarded-for": "::1",
    "x-forwarded-host": "localhost:3000",
    "x-forwarded-port": "3000",
    "x-forwarded-proto": "http"
  }
}

2025-03-19T21:44:30.044Z - Server Session Retrieved
{
  "hasSession": false,
  "user": null
}

2025-03-19T21:49:30.056Z - Session Endpoint Called
{
  "method": "GET",
  "headers": {
    "accept": "*/*",
    "accept-encoding": "gzip, deflate, br, zstd",
    "accept-language": "en,ru-RU;q=0.9,ru;q=0.8,en-US;q=0.7",
    "connection": "keep-alive",
    "content-type": "application/json",
    "host": "localhost:3000",
    "referer": "http://localhost:3000/",
    "sec-ch-ua": "\"Chromium\";v=\"134\", \"Not:A-Brand\";v=\"24\", \"Google Chrome\";v=\"134\"",
    "sec-ch-ua-mobile": "?0",
    "sec-ch-ua-platform": "\"Windows\"",
    "sec-fetch-dest": "empty",
    "sec-fetch-mode": "cors",
    "sec-fetch-site": "same-origin",
    "user-agent": "Mozilla/5.0 (Windows NT 10.0; Win64; x64) AppleWebKit/537.36 (KHTML, like Gecko) Chrome/134.0.0.0 Safari/537.36",
    "x-forwarded-for": "::1",
    "x-forwarded-host": "localhost:3000",
    "x-forwarded-port": "3000",
    "x-forwarded-proto": "http"
  }
}

2025-03-19T21:49:30.061Z - Server Session Retrieved
{
  "hasSession": false,
  "user": null
}

2025-03-19T21:54:29.934Z - Session Endpoint Called
{
  "method": "GET",
  "headers": {
    "accept": "*/*",
    "accept-encoding": "gzip, deflate, br, zstd",
    "accept-language": "en,ru-RU;q=0.9,ru;q=0.8,en-US;q=0.7",
    "connection": "keep-alive",
    "content-type": "application/json",
    "host": "localhost:3000",
    "referer": "http://localhost:3000/",
    "sec-ch-ua": "\"Chromium\";v=\"134\", \"Not:A-Brand\";v=\"24\", \"Google Chrome\";v=\"134\"",
    "sec-ch-ua-mobile": "?0",
    "sec-ch-ua-platform": "\"Windows\"",
    "sec-fetch-dest": "empty",
    "sec-fetch-mode": "cors",
    "sec-fetch-site": "same-origin",
    "user-agent": "Mozilla/5.0 (Windows NT 10.0; Win64; x64) AppleWebKit/537.36 (KHTML, like Gecko) Chrome/134.0.0.0 Safari/537.36",
    "x-forwarded-for": "::1",
    "x-forwarded-host": "localhost:3000",
    "x-forwarded-port": "3000",
    "x-forwarded-proto": "http"
  }
}

2025-03-19T21:54:29.938Z - Server Session Retrieved
{
  "hasSession": false,
  "user": null
}

2025-03-19T21:55:08.191Z - Session Endpoint Called
{
  "method": "GET",
  "headers": {
    "accept": "*/*",
    "accept-encoding": "gzip, deflate, br, zstd",
    "accept-language": "en,ru-RU;q=0.9,ru;q=0.8,en-US;q=0.7",
    "connection": "keep-alive",
    "content-type": "application/json",
    "host": "localhost:3000",
    "referer": "http://localhost:3000/",
    "sec-ch-ua": "\"Chromium\";v=\"134\", \"Not:A-Brand\";v=\"24\", \"Google Chrome\";v=\"134\"",
    "sec-ch-ua-mobile": "?0",
    "sec-ch-ua-platform": "\"Windows\"",
    "sec-fetch-dest": "empty",
    "sec-fetch-mode": "cors",
    "sec-fetch-site": "same-origin",
    "user-agent": "Mozilla/5.0 (Windows NT 10.0; Win64; x64) AppleWebKit/537.36 (KHTML, like Gecko) Chrome/134.0.0.0 Safari/537.36",
    "x-forwarded-for": "::1",
    "x-forwarded-host": "localhost:3000",
    "x-forwarded-port": "3000",
    "x-forwarded-proto": "http"
  }
}

2025-03-19T21:55:08.199Z - Server Session Retrieved
{
  "hasSession": false,
  "user": null
}

2025-03-19T21:59:30.040Z - Session Endpoint Called
{
  "method": "GET",
  "headers": {
    "accept": "*/*",
    "accept-encoding": "gzip, deflate, br, zstd",
    "accept-language": "en,ru-RU;q=0.9,ru;q=0.8,en-US;q=0.7",
    "connection": "keep-alive",
    "content-type": "application/json",
    "host": "localhost:3000",
    "referer": "http://localhost:3000/",
    "sec-ch-ua": "\"Chromium\";v=\"134\", \"Not:A-Brand\";v=\"24\", \"Google Chrome\";v=\"134\"",
    "sec-ch-ua-mobile": "?0",
    "sec-ch-ua-platform": "\"Windows\"",
    "sec-fetch-dest": "empty",
    "sec-fetch-mode": "cors",
    "sec-fetch-site": "same-origin",
    "user-agent": "Mozilla/5.0 (Windows NT 10.0; Win64; x64) AppleWebKit/537.36 (KHTML, like Gecko) Chrome/134.0.0.0 Safari/537.36",
    "x-forwarded-for": "::1",
    "x-forwarded-host": "localhost:3000",
    "x-forwarded-port": "3000",
    "x-forwarded-proto": "http"
  }
}

2025-03-19T21:59:30.048Z - Server Session Retrieved
{
  "hasSession": false,
  "user": null
}

